<?xml version="1.0" encoding="UTF-8"?>
<!-- Generated by org.testng.reporters.JUnitXMLReporter -->
<testsuite ignored="19" hostname="Thinkpad" failures="0" tests="9" name="Smoke Tests - Kiểm thử nhanh" time="366.548" errors="0" timestamp="2026-06-03T09:18:14 ICT">
  <testcase classname="com.orangehrm.tests.LoginTest" name="tc_Login_001_loginSuccessWithValidCredentials" time="28.528"/>
  <testcase classname="com.orangehrm.tests.LoginTest" name="tc_Login_005_verifyLoginPageUIElements" time="18.202"/>
  <testcase classname="com.orangehrm.tests.LoginTest" name="tc_Login_007_logoutSuccessfully" time="43.186"/>
  <testcase classname="com.orangehrm.tests.DashboardTest" name="tc_Dash_001_dashboardDisplayedAfterLogin" time="0.009"/>
  <testcase classname="com.orangehrm.tests.DashboardTest" name="tc_Dash_002_adminUsernameDisplayed" time="0.055"/>
  <testcase classname="com.orangehrm.tests.DashboardTest" name="tc_Dash_003_navigationMenuDisplayed" time="0.177"/>
  <testcase classname="com.orangehrm.tests.EmployeeTest" name="tc_Emp_001_viewEmployeeList" time="12.077"/>
  <testcase classname="com.orangehrm.tests.AdminTest" name="tc_Admin_001_accessAdminModule" time="0.011"/>
  <testcase classname="com.orangehrm.tests.LeaveTest" name="tc_Leave_001_accessLeaveModule" time="0.009"/>
  <testcase classname="com.orangehrm.tests.LeaveTest" name="tc_Leave_003_filterLeaveByDateRange" time="0.0">
    <ignored/>
  </testcase> <!-- tc_Leave_003_filterLeaveByDateRange -->
  <testcase classname="com.orangehrm.tests.EmployeeTest" name="tc_Emp_003_addEmployeeWithEmptyLastName" time="0.0">
    <ignored/>
  </testcase> <!-- tc_Emp_003_addEmployeeWithEmptyLastName -->
  <testcase classname="com.orangehrm.tests.LoginTest" name="tc_Login_006_loginUsernameIsCaseInsensitive" time="0.0">
    <ignored/>
  </testcase> <!-- tc_Login_006_loginUsernameIsCaseInsensitive -->
  <testcase classname="com.orangehrm.tests.LoginTest" name="tc_Login_002_loginFailWithWrongPassword" time="0.0">
    <ignored/>
  </testcase> <!-- tc_Login_002_loginFailWithWrongPassword -->
  <testcase classname="com.orangehrm.tests.DashboardTest" name="tc_Dash_004_dashboardWidgetsDisplayed" time="0.0">
    <ignored/>
  </testcase> <!-- tc_Dash_004_dashboardWidgetsDisplayed -->
  <testcase classname="com.orangehrm.tests.EmployeeTest" name="tc_Emp_005_searchNonExistentEmployee" time="0.0">
    <ignored/>
  </testcase> <!-- tc_Emp_005_searchNonExistentEmployee -->
  <testcase classname="com.orangehrm.tests.AdminTest" name="tc_Admin_005_resetAdminSearchFilter" time="0.0">
    <ignored/>
  </testcase> <!-- tc_Admin_005_resetAdminSearchFilter -->
  <testcase classname="com.orangehrm.tests.AdminTest" name="tc_Admin_004_searchNonExistentUser" time="0.0">
    <ignored/>
  </testcase> <!-- tc_Admin_004_searchNonExistentUser -->
  <testcase classname="com.orangehrm.tests.EmployeeTest" name="tc_Emp_007_verifyAutoGeneratedEmployeeId" time="0.0">
    <ignored/>
  </testcase> <!-- tc_Emp_007_verifyAutoGeneratedEmployeeId -->
  <testcase classname="com.orangehrm.tests.LoginTest" name="tc_Login_004_loginWithEmptyCredentials" time="0.0">
    <ignored/>
  </testcase> <!-- tc_Login_004_loginWithEmptyCredentials -->
  <testcase classname="com.orangehrm.tests.EmployeeTest" name="tc_Emp_004_searchEmployeeByName" time="0.0">
    <ignored/>
  </testcase> <!-- tc_Emp_004_searchEmployeeByName -->
  <testcase classname="com.orangehrm.tests.EmployeeTest" name="tc_Emp_006_resetSearchFilter" time="0.0">
    <ignored/>
  </testcase> <!-- tc_Emp_006_resetSearchFilter -->
  <testcase classname="com.orangehrm.tests.LeaveTest" name="tc_Leave_002_viewLeaveList" time="0.0">
    <ignored/>
  </testcase> <!-- tc_Leave_002_viewLeaveList -->
  <testcase classname="com.orangehrm.tests.AdminTest" name="tc_Admin_003_searchUserByUsername" time="0.0">
    <ignored/>
  </testcase> <!-- tc_Admin_003_searchUserByUsername -->
  <testcase classname="com.orangehrm.tests.AdminTest" name="tc_Admin_002_systemUsersListDisplayed" time="0.0">
    <ignored/>
  </testcase> <!-- tc_Admin_002_systemUsersListDisplayed -->
  <testcase classname="com.orangehrm.tests.LeaveTest" name="tc_Leave_004_resetLeaveFilter" time="0.0">
    <ignored/>
  </testcase> <!-- tc_Leave_004_resetLeaveFilter -->
  <testcase classname="com.orangehrm.tests.EmployeeTest" name="tc_Emp_002_addNewEmployeeSuccessfully" time="0.0">
    <ignored/>
  </testcase> <!-- tc_Emp_002_addNewEmployeeSuccessfully -->
  <testcase classname="com.orangehrm.tests.LoginTest" name="tc_Login_008_accessDashboardWithoutLogin" time="0.0">
    <ignored/>
  </testcase> <!-- tc_Login_008_accessDashboardWithoutLogin -->
  <testcase classname="com.orangehrm.tests.LoginTest" name="tc_Login_003_loginFailWithInvalidUsername" time="0.0">
    <ignored/>
  </testcase> <!-- tc_Login_003_loginFailWithInvalidUsername -->
</testsuite> <!-- Smoke Tests - Kiểm thử nhanh -->
