<?xml version="1.0" encoding="UTF-8"?>
<!-- Generated by org.testng.reporters.JUnitReportReporter -->
<testsuite hostname="Thinkpad" failures="0" tests="8" name="com.orangehrm.tests.EmployeeTest" time="550.313" errors="0" timestamp="2026-06-03T10:01:54 ICT" skipped="0">
  <testcase classname="com.orangehrm.tests.EmployeeTest" name="tc_Emp_005_searchNonExistentEmployee" time="61.987"/>
  <testcase classname="com.orangehrm.tests.EmployeeTest" name="tc_Emp_007_verifyAutoGeneratedEmployeeId" time="66.829"/>
  <testcase classname="com.orangehrm.tests.EmployeeTest" name="tc_Emp_003_addEmployeeWithEmptyLastName" time="83.130"/>
  <testcase classname="com.orangehrm.tests.EmployeeTest" name="tc_Emp_001_viewEmployeeList" time="46.292"/>
  <testcase classname="com.orangehrm.tests.EmployeeTest" name="tc_Emp_002_addNewEmployeeSuccessfully" time="111.103"/>
  <testcase classname="com.orangehrm.tests.EmployeeTest" name="tc_Emp_004_searchEmployeeByName" time="58.313"/>
  <testcase classname="com.orangehrm.tests.EmployeeTest" name="tc_Emp_001_viewEmployeeList" time="58.356"/>
  <testcase classname="com.orangehrm.tests.EmployeeTest" name="tc_Emp_006_resetSearchFilter" time="64.303"/>
</testsuite> <!-- com.orangehrm.tests.EmployeeTest -->
