<?xml version="1.0" encoding="UTF-8"?>
<!-- Generated by org.testng.reporters.JUnitReportReporter -->
<testsuite hostname="Thinkpad" failures="0" tests="5" name="com.orangehrm.tests.DashboardTest" time="193.918" errors="0" timestamp="2026-06-03T10:01:54 ICT" skipped="0">
  <testcase classname="com.orangehrm.tests.DashboardTest" name="tc_Dash_003_navigationMenuDisplayed" time="64.317"/>
  <testcase classname="com.orangehrm.tests.DashboardTest" name="tc_Dash_004_dashboardWidgetsDisplayed" time="38.108"/>
  <testcase classname="com.orangehrm.tests.DashboardTest" name="tc_Dash_001_dashboardDisplayedAfterLogin" time="34.227"/>
  <testcase classname="com.orangehrm.tests.DashboardTest" name="tc_Dash_002_adminUsernameDisplayed" time="27.419"/>
  <testcase classname="com.orangehrm.tests.DashboardTest" name="tc_Dash_003_navigationMenuDisplayed" time="29.847"/>
</testsuite> <!-- com.orangehrm.tests.DashboardTest -->
