<?xml version="1.0" encoding="UTF-8"?>
<!-- Generated by org.testng.reporters.JUnitReportReporter -->
<testsuite hostname="Thinkpad" failures="0" tests="5" name="com.orangehrm.tests.LeaveTest" time="255.769" errors="0" timestamp="2026-06-03T10:01:54 ICT" skipped="0">
  <testcase classname="com.orangehrm.tests.LeaveTest" name="tc_Leave_001_accessLeaveModule" time="42.472"/>
  <testcase classname="com.orangehrm.tests.LeaveTest" name="tc_Leave_002_viewLeaveList" time="30.354"/>
  <testcase classname="com.orangehrm.tests.LeaveTest" name="tc_Leave_001_accessLeaveModule" time="42.977"/>
  <testcase classname="com.orangehrm.tests.LeaveTest" name="tc_Leave_003_filterLeaveByDateRange" time="70.041"/>
  <testcase classname="com.orangehrm.tests.LeaveTest" name="tc_Leave_004_resetLeaveFilter" time="69.925"/>
</testsuite> <!-- com.orangehrm.tests.LeaveTest -->
