<?xml version="1.0" encoding="UTF-8"?>
<testng-results ignored="0" total="34" passed="26" failed="5" skipped="3">
  <reporter-output>
  </reporter-output>
  <suite started-at="2026-06-03T09:12:07 ICT" name="OrangeHRM Automation Suite" finished-at="2026-06-03T10:01:53 ICT" duration-ms="2986087">
    <groups>
      <group name="crud">
        <method signature="EmployeeTest.tc_Emp_002_addNewEmployeeSuccessfully()[pri:0, instance:com.orangehrm.tests.EmployeeTest@1021f6c9]" name="tc_Emp_002_addNewEmployeeSuccessfully" class="com.orangehrm.tests.EmployeeTest"/>
        <method signature="EmployeeTest.tc_Emp_003_addEmployeeWithEmptyLastName()[pri:0, instance:com.orangehrm.tests.EmployeeTest@1021f6c9]" name="tc_Emp_003_addEmployeeWithEmptyLastName" class="com.orangehrm.tests.EmployeeTest"/>
        <method signature="EmployeeTest.tc_Emp_007_verifyAutoGeneratedEmployeeId()[pri:0, instance:com.orangehrm.tests.EmployeeTest@1021f6c9]" name="tc_Emp_007_verifyAutoGeneratedEmployeeId" class="com.orangehrm.tests.EmployeeTest"/>
      </group> <!-- crud -->
      <group name="security">
        <method signature="LoginTest.tc_Login_008_accessDashboardWithoutLogin()[pri:0, instance:com.orangehrm.tests.LoginTest@5a7005d]" name="tc_Login_008_accessDashboardWithoutLogin" class="com.orangehrm.tests.LoginTest"/>
      </group> <!-- security -->
      <group name="negative">
        <method signature="AdminTest.tc_Admin_004_searchNonExistentUser()[pri:0, instance:com.orangehrm.tests.AdminTest@7516e4e5]" name="tc_Admin_004_searchNonExistentUser" class="com.orangehrm.tests.AdminTest"/>
        <method signature="EmployeeTest.tc_Emp_003_addEmployeeWithEmptyLastName()[pri:0, instance:com.orangehrm.tests.EmployeeTest@1021f6c9]" name="tc_Emp_003_addEmployeeWithEmptyLastName" class="com.orangehrm.tests.EmployeeTest"/>
        <method signature="EmployeeTest.tc_Emp_005_searchNonExistentEmployee()[pri:0, instance:com.orangehrm.tests.EmployeeTest@1021f6c9]" name="tc_Emp_005_searchNonExistentEmployee" class="com.orangehrm.tests.EmployeeTest"/>
        <method signature="LoginTest.tc_Login_002_loginFailWithWrongPassword()[pri:0, instance:com.orangehrm.tests.LoginTest@5a7005d]" name="tc_Login_002_loginFailWithWrongPassword" class="com.orangehrm.tests.LoginTest"/>
        <method signature="LoginTest.tc_Login_003_loginFailWithInvalidUsername()[pri:0, instance:com.orangehrm.tests.LoginTest@5a7005d]" name="tc_Login_003_loginFailWithInvalidUsername" class="com.orangehrm.tests.LoginTest"/>
        <method signature="LoginTest.tc_Login_004_loginWithEmptyCredentials()[pri:0, instance:com.orangehrm.tests.LoginTest@5a7005d]" name="tc_Login_004_loginWithEmptyCredentials" class="com.orangehrm.tests.LoginTest"/>
      </group> <!-- negative -->
      <group name="search">
        <method signature="AdminTest.tc_Admin_003_searchUserByUsername()[pri:0, instance:com.orangehrm.tests.AdminTest@7516e4e5]" name="tc_Admin_003_searchUserByUsername" class="com.orangehrm.tests.AdminTest"/>
        <method signature="AdminTest.tc_Admin_004_searchNonExistentUser()[pri:0, instance:com.orangehrm.tests.AdminTest@7516e4e5]" name="tc_Admin_004_searchNonExistentUser" class="com.orangehrm.tests.AdminTest"/>
        <method signature="EmployeeTest.tc_Emp_004_searchEmployeeByName()[pri:0, instance:com.orangehrm.tests.EmployeeTest@1021f6c9]" name="tc_Emp_004_searchEmployeeByName" class="com.orangehrm.tests.EmployeeTest"/>
        <method signature="EmployeeTest.tc_Emp_005_searchNonExistentEmployee()[pri:0, instance:com.orangehrm.tests.EmployeeTest@1021f6c9]" name="tc_Emp_005_searchNonExistentEmployee" class="com.orangehrm.tests.EmployeeTest"/>
        <method signature="EmployeeTest.tc_Emp_006_resetSearchFilter()[pri:0, instance:com.orangehrm.tests.EmployeeTest@1021f6c9]" name="tc_Emp_006_resetSearchFilter" class="com.orangehrm.tests.EmployeeTest"/>
        <method signature="LeaveTest.tc_Leave_003_filterLeaveByDateRange()[pri:0, instance:com.orangehrm.tests.LeaveTest@488eb7f2]" name="tc_Leave_003_filterLeaveByDateRange" class="com.orangehrm.tests.LeaveTest"/>
      </group> <!-- search -->
      <group name="leave">
        <method signature="LeaveTest.tc_Leave_001_accessLeaveModule()[pri:0, instance:com.orangehrm.tests.LeaveTest@1951b871]" name="tc_Leave_001_accessLeaveModule" class="com.orangehrm.tests.LeaveTest"/>
        <method signature="LeaveTest.tc_Leave_001_accessLeaveModule()[pri:0, instance:com.orangehrm.tests.LeaveTest@488eb7f2]" name="tc_Leave_001_accessLeaveModule" class="com.orangehrm.tests.LeaveTest"/>
        <method signature="LeaveTest.tc_Leave_002_viewLeaveList()[pri:0, instance:com.orangehrm.tests.LeaveTest@488eb7f2]" name="tc_Leave_002_viewLeaveList" class="com.orangehrm.tests.LeaveTest"/>
        <method signature="LeaveTest.tc_Leave_003_filterLeaveByDateRange()[pri:0, instance:com.orangehrm.tests.LeaveTest@488eb7f2]" name="tc_Leave_003_filterLeaveByDateRange" class="com.orangehrm.tests.LeaveTest"/>
        <method signature="LeaveTest.tc_Leave_004_resetLeaveFilter()[pri:0, instance:com.orangehrm.tests.LeaveTest@488eb7f2]" name="tc_Leave_004_resetLeaveFilter" class="com.orangehrm.tests.LeaveTest"/>
      </group> <!-- leave -->
      <group name="regression">
        <method signature="AdminTest.tc_Admin_001_accessAdminModule()[pri:0, instance:com.orangehrm.tests.AdminTest@793138bd]" name="tc_Admin_001_accessAdminModule" class="com.orangehrm.tests.AdminTest"/>
        <method signature="DashboardTest.tc_Dash_003_navigationMenuDisplayed()[pri:0, instance:com.orangehrm.tests.DashboardTest@32c8e539]" name="tc_Dash_003_navigationMenuDisplayed" class="com.orangehrm.tests.DashboardTest"/>
        <method signature="EmployeeTest.tc_Emp_001_viewEmployeeList()[pri:0, instance:com.orangehrm.tests.EmployeeTest@5d1659ea]" name="tc_Emp_001_viewEmployeeList" class="com.orangehrm.tests.EmployeeTest"/>
        <method signature="LeaveTest.tc_Leave_001_accessLeaveModule()[pri:0, instance:com.orangehrm.tests.LeaveTest@1951b871]" name="tc_Leave_001_accessLeaveModule" class="com.orangehrm.tests.LeaveTest"/>
        <method signature="LoginTest.tc_Login_001_loginSuccessWithValidCredentials()[pri:0, instance:com.orangehrm.tests.LoginTest@2a79d4b1]" name="tc_Login_001_loginSuccessWithValidCredentials" class="com.orangehrm.tests.LoginTest"/>
        <method signature="LoginTest.tc_Login_007_logoutSuccessfully()[pri:0, instance:com.orangehrm.tests.LoginTest@2a79d4b1]" name="tc_Login_007_logoutSuccessfully" class="com.orangehrm.tests.LoginTest"/>
        <method signature="AdminTest.tc_Admin_001_accessAdminModule()[pri:0, instance:com.orangehrm.tests.AdminTest@7516e4e5]" name="tc_Admin_001_accessAdminModule" class="com.orangehrm.tests.AdminTest"/>
        <method signature="AdminTest.tc_Admin_002_systemUsersListDisplayed()[pri:0, instance:com.orangehrm.tests.AdminTest@7516e4e5]" name="tc_Admin_002_systemUsersListDisplayed" class="com.orangehrm.tests.AdminTest"/>
        <method signature="AdminTest.tc_Admin_003_searchUserByUsername()[pri:0, instance:com.orangehrm.tests.AdminTest@7516e4e5]" name="tc_Admin_003_searchUserByUsername" class="com.orangehrm.tests.AdminTest"/>
        <method signature="AdminTest.tc_Admin_004_searchNonExistentUser()[pri:0, instance:com.orangehrm.tests.AdminTest@7516e4e5]" name="tc_Admin_004_searchNonExistentUser" class="com.orangehrm.tests.AdminTest"/>
        <method signature="AdminTest.tc_Admin_005_resetAdminSearchFilter()[pri:0, instance:com.orangehrm.tests.AdminTest@7516e4e5]" name="tc_Admin_005_resetAdminSearchFilter" class="com.orangehrm.tests.AdminTest"/>
        <method signature="DashboardTest.tc_Dash_003_navigationMenuDisplayed()[pri:0, instance:com.orangehrm.tests.DashboardTest@5bc9ba1d]" name="tc_Dash_003_navigationMenuDisplayed" class="com.orangehrm.tests.DashboardTest"/>
        <method signature="DashboardTest.tc_Dash_004_dashboardWidgetsDisplayed()[pri:0, instance:com.orangehrm.tests.DashboardTest@5bc9ba1d]" name="tc_Dash_004_dashboardWidgetsDisplayed" class="com.orangehrm.tests.DashboardTest"/>
        <method signature="EmployeeTest.tc_Emp_001_viewEmployeeList()[pri:0, instance:com.orangehrm.tests.EmployeeTest@1021f6c9]" name="tc_Emp_001_viewEmployeeList" class="com.orangehrm.tests.EmployeeTest"/>
        <method signature="EmployeeTest.tc_Emp_002_addNewEmployeeSuccessfully()[pri:0, instance:com.orangehrm.tests.EmployeeTest@1021f6c9]" name="tc_Emp_002_addNewEmployeeSuccessfully" class="com.orangehrm.tests.EmployeeTest"/>
        <method signature="EmployeeTest.tc_Emp_003_addEmployeeWithEmptyLastName()[pri:0, instance:com.orangehrm.tests.EmployeeTest@1021f6c9]" name="tc_Emp_003_addEmployeeWithEmptyLastName" class="com.orangehrm.tests.EmployeeTest"/>
        <method signature="EmployeeTest.tc_Emp_004_searchEmployeeByName()[pri:0, instance:com.orangehrm.tests.EmployeeTest@1021f6c9]" name="tc_Emp_004_searchEmployeeByName" class="com.orangehrm.tests.EmployeeTest"/>
        <method signature="EmployeeTest.tc_Emp_005_searchNonExistentEmployee()[pri:0, instance:com.orangehrm.tests.EmployeeTest@1021f6c9]" name="tc_Emp_005_searchNonExistentEmployee" class="com.orangehrm.tests.EmployeeTest"/>
        <method signature="EmployeeTest.tc_Emp_006_resetSearchFilter()[pri:0, instance:com.orangehrm.tests.EmployeeTest@1021f6c9]" name="tc_Emp_006_resetSearchFilter" class="com.orangehrm.tests.EmployeeTest"/>
        <method signature="EmployeeTest.tc_Emp_007_verifyAutoGeneratedEmployeeId()[pri:0, instance:com.orangehrm.tests.EmployeeTest@1021f6c9]" name="tc_Emp_007_verifyAutoGeneratedEmployeeId" class="com.orangehrm.tests.EmployeeTest"/>
        <method signature="LeaveTest.tc_Leave_001_accessLeaveModule()[pri:0, instance:com.orangehrm.tests.LeaveTest@488eb7f2]" name="tc_Leave_001_accessLeaveModule" class="com.orangehrm.tests.LeaveTest"/>
        <method signature="LeaveTest.tc_Leave_002_viewLeaveList()[pri:0, instance:com.orangehrm.tests.LeaveTest@488eb7f2]" name="tc_Leave_002_viewLeaveList" class="com.orangehrm.tests.LeaveTest"/>
        <method signature="LeaveTest.tc_Leave_003_filterLeaveByDateRange()[pri:0, instance:com.orangehrm.tests.LeaveTest@488eb7f2]" name="tc_Leave_003_filterLeaveByDateRange" class="com.orangehrm.tests.LeaveTest"/>
        <method signature="LeaveTest.tc_Leave_004_resetLeaveFilter()[pri:0, instance:com.orangehrm.tests.LeaveTest@488eb7f2]" name="tc_Leave_004_resetLeaveFilter" class="com.orangehrm.tests.LeaveTest"/>
        <method signature="LoginTest.tc_Login_001_loginSuccessWithValidCredentials()[pri:0, instance:com.orangehrm.tests.LoginTest@5a7005d]" name="tc_Login_001_loginSuccessWithValidCredentials" class="com.orangehrm.tests.LoginTest"/>
        <method signature="LoginTest.tc_Login_002_loginFailWithWrongPassword()[pri:0, instance:com.orangehrm.tests.LoginTest@5a7005d]" name="tc_Login_002_loginFailWithWrongPassword" class="com.orangehrm.tests.LoginTest"/>
        <method signature="LoginTest.tc_Login_003_loginFailWithInvalidUsername()[pri:0, instance:com.orangehrm.tests.LoginTest@5a7005d]" name="tc_Login_003_loginFailWithInvalidUsername" class="com.orangehrm.tests.LoginTest"/>
        <method signature="LoginTest.tc_Login_004_loginWithEmptyCredentials()[pri:0, instance:com.orangehrm.tests.LoginTest@5a7005d]" name="tc_Login_004_loginWithEmptyCredentials" class="com.orangehrm.tests.LoginTest"/>
        <method signature="LoginTest.tc_Login_006_loginUsernameIsCaseInsensitive()[pri:0, instance:com.orangehrm.tests.LoginTest@5a7005d]" name="tc_Login_006_loginUsernameIsCaseInsensitive" class="com.orangehrm.tests.LoginTest"/>
        <method signature="LoginTest.tc_Login_007_logoutSuccessfully()[pri:0, instance:com.orangehrm.tests.LoginTest@5a7005d]" name="tc_Login_007_logoutSuccessfully" class="com.orangehrm.tests.LoginTest"/>
        <method signature="LoginTest.tc_Login_008_accessDashboardWithoutLogin()[pri:0, instance:com.orangehrm.tests.LoginTest@5a7005d]" name="tc_Login_008_accessDashboardWithoutLogin" class="com.orangehrm.tests.LoginTest"/>
      </group> <!-- regression -->
      <group name="smoke">
        <method signature="AdminTest.tc_Admin_001_accessAdminModule()[pri:0, instance:com.orangehrm.tests.AdminTest@793138bd]" name="tc_Admin_001_accessAdminModule" class="com.orangehrm.tests.AdminTest"/>
        <method signature="DashboardTest.tc_Dash_001_dashboardDisplayedAfterLogin()[pri:0, instance:com.orangehrm.tests.DashboardTest@32c8e539]" name="tc_Dash_001_dashboardDisplayedAfterLogin" class="com.orangehrm.tests.DashboardTest"/>
        <method signature="DashboardTest.tc_Dash_002_adminUsernameDisplayed()[pri:0, instance:com.orangehrm.tests.DashboardTest@32c8e539]" name="tc_Dash_002_adminUsernameDisplayed" class="com.orangehrm.tests.DashboardTest"/>
        <method signature="DashboardTest.tc_Dash_003_navigationMenuDisplayed()[pri:0, instance:com.orangehrm.tests.DashboardTest@32c8e539]" name="tc_Dash_003_navigationMenuDisplayed" class="com.orangehrm.tests.DashboardTest"/>
        <method signature="EmployeeTest.tc_Emp_001_viewEmployeeList()[pri:0, instance:com.orangehrm.tests.EmployeeTest@5d1659ea]" name="tc_Emp_001_viewEmployeeList" class="com.orangehrm.tests.EmployeeTest"/>
        <method signature="LeaveTest.tc_Leave_001_accessLeaveModule()[pri:0, instance:com.orangehrm.tests.LeaveTest@1951b871]" name="tc_Leave_001_accessLeaveModule" class="com.orangehrm.tests.LeaveTest"/>
        <method signature="LoginTest.tc_Login_001_loginSuccessWithValidCredentials()[pri:0, instance:com.orangehrm.tests.LoginTest@2a79d4b1]" name="tc_Login_001_loginSuccessWithValidCredentials" class="com.orangehrm.tests.LoginTest"/>
        <method signature="LoginTest.tc_Login_005_verifyLoginPageUIElements()[pri:0, instance:com.orangehrm.tests.LoginTest@2a79d4b1]" name="tc_Login_005_verifyLoginPageUIElements" class="com.orangehrm.tests.LoginTest"/>
        <method signature="LoginTest.tc_Login_007_logoutSuccessfully()[pri:0, instance:com.orangehrm.tests.LoginTest@2a79d4b1]" name="tc_Login_007_logoutSuccessfully" class="com.orangehrm.tests.LoginTest"/>
        <method signature="AdminTest.tc_Admin_001_accessAdminModule()[pri:0, instance:com.orangehrm.tests.AdminTest@7516e4e5]" name="tc_Admin_001_accessAdminModule" class="com.orangehrm.tests.AdminTest"/>
        <method signature="DashboardTest.tc_Dash_003_navigationMenuDisplayed()[pri:0, instance:com.orangehrm.tests.DashboardTest@5bc9ba1d]" name="tc_Dash_003_navigationMenuDisplayed" class="com.orangehrm.tests.DashboardTest"/>
        <method signature="EmployeeTest.tc_Emp_001_viewEmployeeList()[pri:0, instance:com.orangehrm.tests.EmployeeTest@1021f6c9]" name="tc_Emp_001_viewEmployeeList" class="com.orangehrm.tests.EmployeeTest"/>
        <method signature="LeaveTest.tc_Leave_001_accessLeaveModule()[pri:0, instance:com.orangehrm.tests.LeaveTest@488eb7f2]" name="tc_Leave_001_accessLeaveModule" class="com.orangehrm.tests.LeaveTest"/>
        <method signature="LoginTest.tc_Login_001_loginSuccessWithValidCredentials()[pri:0, instance:com.orangehrm.tests.LoginTest@5a7005d]" name="tc_Login_001_loginSuccessWithValidCredentials" class="com.orangehrm.tests.LoginTest"/>
        <method signature="LoginTest.tc_Login_007_logoutSuccessfully()[pri:0, instance:com.orangehrm.tests.LoginTest@5a7005d]" name="tc_Login_007_logoutSuccessfully" class="com.orangehrm.tests.LoginTest"/>
      </group> <!-- smoke -->
      <group name="admin">
        <method signature="AdminTest.tc_Admin_001_accessAdminModule()[pri:0, instance:com.orangehrm.tests.AdminTest@793138bd]" name="tc_Admin_001_accessAdminModule" class="com.orangehrm.tests.AdminTest"/>
        <method signature="AdminTest.tc_Admin_001_accessAdminModule()[pri:0, instance:com.orangehrm.tests.AdminTest@7516e4e5]" name="tc_Admin_001_accessAdminModule" class="com.orangehrm.tests.AdminTest"/>
        <method signature="AdminTest.tc_Admin_002_systemUsersListDisplayed()[pri:0, instance:com.orangehrm.tests.AdminTest@7516e4e5]" name="tc_Admin_002_systemUsersListDisplayed" class="com.orangehrm.tests.AdminTest"/>
        <method signature="AdminTest.tc_Admin_003_searchUserByUsername()[pri:0, instance:com.orangehrm.tests.AdminTest@7516e4e5]" name="tc_Admin_003_searchUserByUsername" class="com.orangehrm.tests.AdminTest"/>
        <method signature="AdminTest.tc_Admin_004_searchNonExistentUser()[pri:0, instance:com.orangehrm.tests.AdminTest@7516e4e5]" name="tc_Admin_004_searchNonExistentUser" class="com.orangehrm.tests.AdminTest"/>
        <method signature="AdminTest.tc_Admin_005_resetAdminSearchFilter()[pri:0, instance:com.orangehrm.tests.AdminTest@7516e4e5]" name="tc_Admin_005_resetAdminSearchFilter" class="com.orangehrm.tests.AdminTest"/>
      </group> <!-- admin -->
      <group name="login">
        <method signature="LoginTest.tc_Login_001_loginSuccessWithValidCredentials()[pri:0, instance:com.orangehrm.tests.LoginTest@2a79d4b1]" name="tc_Login_001_loginSuccessWithValidCredentials" class="com.orangehrm.tests.LoginTest"/>
        <method signature="LoginTest.tc_Login_005_verifyLoginPageUIElements()[pri:0, instance:com.orangehrm.tests.LoginTest@2a79d4b1]" name="tc_Login_005_verifyLoginPageUIElements" class="com.orangehrm.tests.LoginTest"/>
        <method signature="LoginTest.tc_Login_007_logoutSuccessfully()[pri:0, instance:com.orangehrm.tests.LoginTest@2a79d4b1]" name="tc_Login_007_logoutSuccessfully" class="com.orangehrm.tests.LoginTest"/>
        <method signature="LoginTest.tc_Login_001_loginSuccessWithValidCredentials()[pri:0, instance:com.orangehrm.tests.LoginTest@5a7005d]" name="tc_Login_001_loginSuccessWithValidCredentials" class="com.orangehrm.tests.LoginTest"/>
        <method signature="LoginTest.tc_Login_002_loginFailWithWrongPassword()[pri:0, instance:com.orangehrm.tests.LoginTest@5a7005d]" name="tc_Login_002_loginFailWithWrongPassword" class="com.orangehrm.tests.LoginTest"/>
        <method signature="LoginTest.tc_Login_003_loginFailWithInvalidUsername()[pri:0, instance:com.orangehrm.tests.LoginTest@5a7005d]" name="tc_Login_003_loginFailWithInvalidUsername" class="com.orangehrm.tests.LoginTest"/>
        <method signature="LoginTest.tc_Login_004_loginWithEmptyCredentials()[pri:0, instance:com.orangehrm.tests.LoginTest@5a7005d]" name="tc_Login_004_loginWithEmptyCredentials" class="com.orangehrm.tests.LoginTest"/>
        <method signature="LoginTest.tc_Login_006_loginUsernameIsCaseInsensitive()[pri:0, instance:com.orangehrm.tests.LoginTest@5a7005d]" name="tc_Login_006_loginUsernameIsCaseInsensitive" class="com.orangehrm.tests.LoginTest"/>
        <method signature="LoginTest.tc_Login_007_logoutSuccessfully()[pri:0, instance:com.orangehrm.tests.LoginTest@5a7005d]" name="tc_Login_007_logoutSuccessfully" class="com.orangehrm.tests.LoginTest"/>
        <method signature="LoginTest.tc_Login_008_accessDashboardWithoutLogin()[pri:0, instance:com.orangehrm.tests.LoginTest@5a7005d]" name="tc_Login_008_accessDashboardWithoutLogin" class="com.orangehrm.tests.LoginTest"/>
      </group> <!-- login -->
      <group name="employee">
        <method signature="EmployeeTest.tc_Emp_001_viewEmployeeList()[pri:0, instance:com.orangehrm.tests.EmployeeTest@5d1659ea]" name="tc_Emp_001_viewEmployeeList" class="com.orangehrm.tests.EmployeeTest"/>
        <method signature="EmployeeTest.tc_Emp_001_viewEmployeeList()[pri:0, instance:com.orangehrm.tests.EmployeeTest@1021f6c9]" name="tc_Emp_001_viewEmployeeList" class="com.orangehrm.tests.EmployeeTest"/>
        <method signature="EmployeeTest.tc_Emp_002_addNewEmployeeSuccessfully()[pri:0, instance:com.orangehrm.tests.EmployeeTest@1021f6c9]" name="tc_Emp_002_addNewEmployeeSuccessfully" class="com.orangehrm.tests.EmployeeTest"/>
        <method signature="EmployeeTest.tc_Emp_003_addEmployeeWithEmptyLastName()[pri:0, instance:com.orangehrm.tests.EmployeeTest@1021f6c9]" name="tc_Emp_003_addEmployeeWithEmptyLastName" class="com.orangehrm.tests.EmployeeTest"/>
        <method signature="EmployeeTest.tc_Emp_004_searchEmployeeByName()[pri:0, instance:com.orangehrm.tests.EmployeeTest@1021f6c9]" name="tc_Emp_004_searchEmployeeByName" class="com.orangehrm.tests.EmployeeTest"/>
        <method signature="EmployeeTest.tc_Emp_005_searchNonExistentEmployee()[pri:0, instance:com.orangehrm.tests.EmployeeTest@1021f6c9]" name="tc_Emp_005_searchNonExistentEmployee" class="com.orangehrm.tests.EmployeeTest"/>
        <method signature="EmployeeTest.tc_Emp_006_resetSearchFilter()[pri:0, instance:com.orangehrm.tests.EmployeeTest@1021f6c9]" name="tc_Emp_006_resetSearchFilter" class="com.orangehrm.tests.EmployeeTest"/>
        <method signature="EmployeeTest.tc_Emp_007_verifyAutoGeneratedEmployeeId()[pri:0, instance:com.orangehrm.tests.EmployeeTest@1021f6c9]" name="tc_Emp_007_verifyAutoGeneratedEmployeeId" class="com.orangehrm.tests.EmployeeTest"/>
      </group> <!-- employee -->
      <group name="dashboard">
        <method signature="DashboardTest.tc_Dash_001_dashboardDisplayedAfterLogin()[pri:0, instance:com.orangehrm.tests.DashboardTest@32c8e539]" name="tc_Dash_001_dashboardDisplayedAfterLogin" class="com.orangehrm.tests.DashboardTest"/>
        <method signature="DashboardTest.tc_Dash_002_adminUsernameDisplayed()[pri:0, instance:com.orangehrm.tests.DashboardTest@32c8e539]" name="tc_Dash_002_adminUsernameDisplayed" class="com.orangehrm.tests.DashboardTest"/>
        <method signature="DashboardTest.tc_Dash_003_navigationMenuDisplayed()[pri:0, instance:com.orangehrm.tests.DashboardTest@32c8e539]" name="tc_Dash_003_navigationMenuDisplayed" class="com.orangehrm.tests.DashboardTest"/>
        <method signature="DashboardTest.tc_Dash_003_navigationMenuDisplayed()[pri:0, instance:com.orangehrm.tests.DashboardTest@5bc9ba1d]" name="tc_Dash_003_navigationMenuDisplayed" class="com.orangehrm.tests.DashboardTest"/>
        <method signature="DashboardTest.tc_Dash_004_dashboardWidgetsDisplayed()[pri:0, instance:com.orangehrm.tests.DashboardTest@5bc9ba1d]" name="tc_Dash_004_dashboardWidgetsDisplayed" class="com.orangehrm.tests.DashboardTest"/>
      </group> <!-- dashboard -->
    </groups>
    <test started-at="2026-06-03T09:12:07 ICT" name="Smoke Tests - Kiểm thử nhanh" finished-at="2026-06-03T09:18:14 ICT" duration-ms="366548">
      <class name="com.orangehrm.tests.LeaveTest">
        <test-method is-config="true" signature="setUp()[pri:0, instance:com.orangehrm.tests.LeaveTest@1951b871]" started-at="2026-06-03T09:17:31 ICT" name="setUp" finished-at="2026-06-03T09:17:32 ICT" duration-ms="939" status="PASS">
          <reporter-output>
          </reporter-output>
        </test-method> <!-- setUp -->
        <test-method is-config="true" signature="setup()[pri:0, instance:com.orangehrm.tests.LeaveTest@1951b871]" started-at="2026-06-03T09:17:32 ICT" name="setup" finished-at="2026-06-03T09:18:13 ICT" duration-ms="41125" status="PASS">
          <reporter-output>
          </reporter-output>
        </test-method> <!-- setup -->
        <test-method signature="tc_Leave_001_accessLeaveModule()[pri:0, instance:com.orangehrm.tests.LeaveTest@1951b871]" started-at="2026-06-03T09:18:13 ICT" name="tc_Leave_001_accessLeaveModule" description="TC_LEAVE_001: Truy cập module Nghỉ phép thành công" finished-at="2026-06-03T09:18:13 ICT" duration-ms="9" status="PASS">
          <reporter-output>
          </reporter-output>
        </test-method> <!-- tc_Leave_001_accessLeaveModule -->
        <test-method is-config="true" signature="tearDown()[pri:0, instance:com.orangehrm.tests.LeaveTest@1951b871]" started-at="2026-06-03T09:18:13 ICT" name="tearDown" finished-at="2026-06-03T09:18:14 ICT" duration-ms="399" status="PASS">
          <reporter-output>
          </reporter-output>
        </test-method> <!-- tearDown -->
      </class> <!-- com.orangehrm.tests.LeaveTest -->
      <class name="com.orangehrm.tests.AdminTest">
        <test-method is-config="true" signature="setUp()[pri:0, instance:com.orangehrm.tests.AdminTest@793138bd]" started-at="2026-06-03T09:16:36 ICT" name="setUp" finished-at="2026-06-03T09:16:37 ICT" duration-ms="877" status="PASS">
          <reporter-output>
          </reporter-output>
        </test-method> <!-- setUp -->
        <test-method is-config="true" signature="setup()[pri:0, instance:com.orangehrm.tests.AdminTest@793138bd]" started-at="2026-06-03T09:16:37 ICT" name="setup" finished-at="2026-06-03T09:17:31 ICT" duration-ms="54323" status="PASS">
          <reporter-output>
          </reporter-output>
        </test-method> <!-- setup -->
        <test-method signature="tc_Admin_001_accessAdminModule()[pri:0, instance:com.orangehrm.tests.AdminTest@793138bd]" started-at="2026-06-03T09:17:31 ICT" name="tc_Admin_001_accessAdminModule" description="TC_ADMIN_001: Truy cập module Admin - Quản lý người dùng" finished-at="2026-06-03T09:17:31 ICT" duration-ms="11" status="PASS">
          <reporter-output>
          </reporter-output>
        </test-method> <!-- tc_Admin_001_accessAdminModule -->
        <test-method is-config="true" signature="tearDown()[pri:0, instance:com.orangehrm.tests.AdminTest@793138bd]" started-at="2026-06-03T09:17:31 ICT" name="tearDown" finished-at="2026-06-03T09:17:31 ICT" duration-ms="337" status="PASS">
          <reporter-output>
          </reporter-output>
        </test-method> <!-- tearDown -->
      </class> <!-- com.orangehrm.tests.AdminTest -->
      <class name="com.orangehrm.tests.EmployeeTest">
        <test-method is-config="true" signature="setUp()[pri:0, instance:com.orangehrm.tests.EmployeeTest@5d1659ea]" started-at="2026-06-03T09:15:49 ICT" name="setUp" finished-at="2026-06-03T09:15:50 ICT" duration-ms="816" status="PASS">
          <reporter-output>
          </reporter-output>
        </test-method> <!-- setUp -->
        <test-method is-config="true" signature="loginAndNavigateToPIM()[pri:0, instance:com.orangehrm.tests.EmployeeTest@5d1659ea]" started-at="2026-06-03T09:15:50 ICT" name="loginAndNavigateToPIM" finished-at="2026-06-03T09:16:23 ICT" duration-ms="32983" status="PASS">
          <reporter-output>
          </reporter-output>
        </test-method> <!-- loginAndNavigateToPIM -->
        <test-method signature="tc_Emp_001_viewEmployeeList()[pri:0, instance:com.orangehrm.tests.EmployeeTest@5d1659ea]" started-at="2026-06-03T09:16:23 ICT" name="tc_Emp_001_viewEmployeeList" description="TC_EMP_001: Xem danh sách nhân viên trong module PIM" finished-at="2026-06-03T09:16:35 ICT" duration-ms="12077" status="PASS">
          <reporter-output>
          </reporter-output>
        </test-method> <!-- tc_Emp_001_viewEmployeeList -->
        <test-method is-config="true" signature="tearDown()[pri:0, instance:com.orangehrm.tests.EmployeeTest@5d1659ea]" started-at="2026-06-03T09:16:35 ICT" name="tearDown" finished-at="2026-06-03T09:16:36 ICT" duration-ms="416" status="PASS">
          <reporter-output>
          </reporter-output>
        </test-method> <!-- tearDown -->
      </class> <!-- com.orangehrm.tests.EmployeeTest -->
      <class name="com.orangehrm.tests.DashboardTest">
        <test-method is-config="true" signature="setUp()[pri:0, instance:com.orangehrm.tests.DashboardTest@32c8e539]" started-at="2026-06-03T09:13:43 ICT" name="setUp" finished-at="2026-06-03T09:13:44 ICT" duration-ms="890" status="PASS">
          <reporter-output>
          </reporter-output>
        </test-method> <!-- setUp -->
        <test-method is-config="true" signature="loginBeforeTest()[pri:0, instance:com.orangehrm.tests.DashboardTest@32c8e539]" started-at="2026-06-03T09:13:44 ICT" name="loginBeforeTest" finished-at="2026-06-03T09:14:17 ICT" duration-ms="33026" status="PASS">
          <reporter-output>
          </reporter-output>
        </test-method> <!-- loginBeforeTest -->
        <test-method signature="tc_Dash_001_dashboardDisplayedAfterLogin()[pri:0, instance:com.orangehrm.tests.DashboardTest@32c8e539]" started-at="2026-06-03T09:14:17 ICT" name="tc_Dash_001_dashboardDisplayedAfterLogin" description="TC_DASH_001: Dashboard hiển thị đúng sau khi đăng nhập thành công" finished-at="2026-06-03T09:14:17 ICT" duration-ms="9" status="PASS">
          <reporter-output>
          </reporter-output>
        </test-method> <!-- tc_Dash_001_dashboardDisplayedAfterLogin -->
        <test-method is-config="true" signature="tearDown()[pri:0, instance:com.orangehrm.tests.DashboardTest@32c8e539]" started-at="2026-06-03T09:14:17 ICT" name="tearDown" finished-at="2026-06-03T09:14:18 ICT" duration-ms="308" status="PASS">
          <reporter-output>
          </reporter-output>
        </test-method> <!-- tearDown -->
        <test-method is-config="true" signature="setUp()[pri:0, instance:com.orangehrm.tests.DashboardTest@32c8e539]" started-at="2026-06-03T09:14:18 ICT" name="setUp" finished-at="2026-06-03T09:14:19 ICT" duration-ms="861" status="PASS">
          <reporter-output>
          </reporter-output>
        </test-method> <!-- setUp -->
        <test-method is-config="true" signature="loginBeforeTest()[pri:0, instance:com.orangehrm.tests.DashboardTest@32c8e539]" started-at="2026-06-03T09:14:19 ICT" name="loginBeforeTest" finished-at="2026-06-03T09:14:45 ICT" duration-ms="26200" status="PASS">
          <reporter-output>
          </reporter-output>
        </test-method> <!-- loginBeforeTest -->
        <test-method signature="tc_Dash_002_adminUsernameDisplayed()[pri:0, instance:com.orangehrm.tests.DashboardTest@32c8e539]" started-at="2026-06-03T09:14:45 ICT" name="tc_Dash_002_adminUsernameDisplayed" description="TC_DASH_002: Tên người dùng Admin hiển thị trên Dashboard" finished-at="2026-06-03T09:14:45 ICT" duration-ms="55" status="PASS">
          <reporter-output>
          </reporter-output>
        </test-method> <!-- tc_Dash_002_adminUsernameDisplayed -->
        <test-method is-config="true" signature="tearDown()[pri:0, instance:com.orangehrm.tests.DashboardTest@32c8e539]" started-at="2026-06-03T09:14:45 ICT" name="tearDown" finished-at="2026-06-03T09:14:45 ICT" duration-ms="338" status="PASS">
          <reporter-output>
          </reporter-output>
        </test-method> <!-- tearDown -->
        <test-method is-config="true" signature="setUp()[pri:0, instance:com.orangehrm.tests.DashboardTest@32c8e539]" started-at="2026-06-03T09:14:45 ICT" name="setUp" finished-at="2026-06-03T09:14:46 ICT" duration-ms="856" status="PASS">
          <reporter-output>
          </reporter-output>
        </test-method> <!-- setUp -->
        <test-method is-config="true" signature="loginBeforeTest()[pri:0, instance:com.orangehrm.tests.DashboardTest@32c8e539]" started-at="2026-06-03T09:14:46 ICT" name="loginBeforeTest" finished-at="2026-06-03T09:15:49 ICT" duration-ms="62912" status="PASS">
          <reporter-output>
          </reporter-output>
        </test-method> <!-- loginBeforeTest -->
        <test-method signature="tc_Dash_003_navigationMenuDisplayed()[pri:0, instance:com.orangehrm.tests.DashboardTest@32c8e539]" started-at="2026-06-03T09:15:49 ICT" name="tc_Dash_003_navigationMenuDisplayed" description="TC_DASH_003: Menu điều hướng hiển thị đầy đủ các module" finished-at="2026-06-03T09:15:49 ICT" duration-ms="177" status="PASS">
          <reporter-output>
          </reporter-output>
        </test-method> <!-- tc_Dash_003_navigationMenuDisplayed -->
        <test-method is-config="true" signature="tearDown()[pri:0, instance:com.orangehrm.tests.DashboardTest@32c8e539]" started-at="2026-06-03T09:15:49 ICT" name="tearDown" finished-at="2026-06-03T09:15:49 ICT" duration-ms="331" status="PASS">
          <reporter-output>
          </reporter-output>
        </test-method> <!-- tearDown -->
      </class> <!-- com.orangehrm.tests.DashboardTest -->
      <class name="com.orangehrm.tests.LoginTest">
        <test-method is-config="true" signature="setUp()[pri:0, instance:com.orangehrm.tests.LoginTest@2a79d4b1]" started-at="2026-06-03T09:12:07 ICT" name="setUp" finished-at="2026-06-03T09:12:11 ICT" duration-ms="3435" status="PASS">
          <reporter-output>
          </reporter-output>
        </test-method> <!-- setUp -->
        <test-method signature="tc_Login_001_loginSuccessWithValidCredentials()[pri:0, instance:com.orangehrm.tests.LoginTest@2a79d4b1]" started-at="2026-06-03T09:12:11 ICT" name="tc_Login_001_loginSuccessWithValidCredentials" description="TC_LOGIN_001: Đăng nhập thành công với tài khoản Admin hợp lệ" finished-at="2026-06-03T09:12:39 ICT" duration-ms="28528" status="PASS">
          <reporter-output>
          </reporter-output>
        </test-method> <!-- tc_Login_001_loginSuccessWithValidCredentials -->
        <test-method is-config="true" signature="tearDown()[pri:0, instance:com.orangehrm.tests.LoginTest@2a79d4b1]" started-at="2026-06-03T09:12:39 ICT" name="tearDown" finished-at="2026-06-03T09:12:40 ICT" duration-ms="492" status="PASS">
          <reporter-output>
          </reporter-output>
        </test-method> <!-- tearDown -->
        <test-method is-config="true" signature="setUp()[pri:0, instance:com.orangehrm.tests.LoginTest@2a79d4b1]" started-at="2026-06-03T09:12:40 ICT" name="setUp" finished-at="2026-06-03T09:12:41 ICT" duration-ms="820" status="PASS">
          <reporter-output>
          </reporter-output>
        </test-method> <!-- setUp -->
        <test-method signature="tc_Login_005_verifyLoginPageUIElements()[pri:0, instance:com.orangehrm.tests.LoginTest@2a79d4b1]" started-at="2026-06-03T09:12:41 ICT" name="tc_Login_005_verifyLoginPageUIElements" description="TC_LOGIN_005: Các thành phần UI trang login hiển thị đầy đủ" finished-at="2026-06-03T09:12:59 ICT" duration-ms="18202" status="PASS">
          <reporter-output>
          </reporter-output>
        </test-method> <!-- tc_Login_005_verifyLoginPageUIElements -->
        <test-method is-config="true" signature="tearDown()[pri:0, instance:com.orangehrm.tests.LoginTest@2a79d4b1]" started-at="2026-06-03T09:12:59 ICT" name="tearDown" finished-at="2026-06-03T09:12:59 ICT" duration-ms="294" status="PASS">
          <reporter-output>
          </reporter-output>
        </test-method> <!-- tearDown -->
        <test-method is-config="true" signature="setUp()[pri:0, instance:com.orangehrm.tests.LoginTest@2a79d4b1]" started-at="2026-06-03T09:12:59 ICT" name="setUp" finished-at="2026-06-03T09:13:00 ICT" duration-ms="857" status="PASS">
          <reporter-output>
          </reporter-output>
        </test-method> <!-- setUp -->
        <test-method signature="tc_Login_007_logoutSuccessfully()[pri:0, instance:com.orangehrm.tests.LoginTest@2a79d4b1]" started-at="2026-06-03T09:13:00 ICT" name="tc_Login_007_logoutSuccessfully" description="TC_LOGIN_007: Đăng xuất thành công và quay về trang login" finished-at="2026-06-03T09:13:43 ICT" duration-ms="43186" status="PASS">
          <reporter-output>
          </reporter-output>
        </test-method> <!-- tc_Login_007_logoutSuccessfully -->
        <test-method is-config="true" signature="tearDown()[pri:0, instance:com.orangehrm.tests.LoginTest@2a79d4b1]" started-at="2026-06-03T09:13:43 ICT" name="tearDown" finished-at="2026-06-03T09:13:43 ICT" duration-ms="321" status="PASS">
          <reporter-output>
          </reporter-output>
        </test-method> <!-- tearDown -->
      </class> <!-- com.orangehrm.tests.LoginTest -->
    </test> <!-- Smoke Tests - Kiểm thử nhanh -->
    <test started-at="2026-06-03T09:18:14 ICT" name="Regression Tests - Kiểm thử hồi quy" finished-at="2026-06-03T10:01:53 ICT" duration-ms="2619074">
      <class name="com.orangehrm.tests.LeaveTest">
        <test-method is-config="true" signature="setUp()[pri:0, instance:com.orangehrm.tests.LeaveTest@488eb7f2]" started-at="2026-06-03T09:58:20 ICT" name="setUp" finished-at="2026-06-03T09:58:21 ICT" duration-ms="852" status="PASS">
          <reporter-output>
          </reporter-output>
        </test-method> <!-- setUp -->
        <test-method is-config="true" signature="setup()[pri:0, instance:com.orangehrm.tests.LeaveTest@488eb7f2]" started-at="2026-06-03T09:58:21 ICT" name="setup" finished-at="2026-06-03T09:59:02 ICT" duration-ms="41624" status="PASS">
          <reporter-output>
          </reporter-output>
        </test-method> <!-- setup -->
        <test-method signature="tc_Leave_001_accessLeaveModule()[pri:0, instance:com.orangehrm.tests.LeaveTest@488eb7f2]" started-at="2026-06-03T09:59:02 ICT" name="tc_Leave_001_accessLeaveModule" description="TC_LEAVE_001: Truy cập module Nghỉ phép thành công" finished-at="2026-06-03T09:59:02 ICT" duration-ms="9" status="PASS">
          <reporter-output>
          </reporter-output>
        </test-method> <!-- tc_Leave_001_accessLeaveModule -->
        <test-method is-config="true" signature="tearDown()[pri:0, instance:com.orangehrm.tests.LeaveTest@488eb7f2]" started-at="2026-06-03T09:59:02 ICT" name="tearDown" finished-at="2026-06-03T09:59:03 ICT" duration-ms="360" status="PASS">
          <reporter-output>
          </reporter-output>
        </test-method> <!-- tearDown -->
        <test-method is-config="true" signature="setUp()[pri:0, instance:com.orangehrm.tests.LeaveTest@488eb7f2]" started-at="2026-06-03T09:59:03 ICT" name="setUp" finished-at="2026-06-03T09:59:04 ICT" duration-ms="925" status="PASS">
          <reporter-output>
          </reporter-output>
        </test-method> <!-- setUp -->
        <test-method is-config="true" signature="setup()[pri:0, instance:com.orangehrm.tests.LeaveTest@488eb7f2]" started-at="2026-06-03T09:59:04 ICT" name="setup" finished-at="2026-06-03T09:59:42 ICT" duration-ms="37906" status="PASS">
          <reporter-output>
          </reporter-output>
        </test-method> <!-- setup -->
        <test-method signature="tc_Leave_002_viewLeaveList()[pri:0, instance:com.orangehrm.tests.LeaveTest@488eb7f2]" started-at="2026-06-03T09:59:42 ICT" name="tc_Leave_002_viewLeaveList" description="TC_LEAVE_002: Xem danh sách yêu cầu nghỉ phép" finished-at="2026-06-03T09:59:42 ICT" duration-ms="17" status="PASS">
          <reporter-output>
          </reporter-output>
        </test-method> <!-- tc_Leave_002_viewLeaveList -->
        <test-method is-config="true" signature="tearDown()[pri:0, instance:com.orangehrm.tests.LeaveTest@488eb7f2]" started-at="2026-06-03T09:59:42 ICT" name="tearDown" finished-at="2026-06-03T09:59:42 ICT" duration-ms="448" status="PASS">
          <reporter-output>
          </reporter-output>
        </test-method> <!-- tearDown -->
        <test-method is-config="true" signature="setUp()[pri:0, instance:com.orangehrm.tests.LeaveTest@488eb7f2]" started-at="2026-06-03T09:59:42 ICT" name="setUp" finished-at="2026-06-03T09:59:43 ICT" duration-ms="940" status="PASS">
          <reporter-output>
          </reporter-output>
        </test-method> <!-- setUp -->
        <test-method is-config="true" signature="setup()[pri:0, instance:com.orangehrm.tests.LeaveTest@488eb7f2]" started-at="2026-06-03T09:59:43 ICT" name="setup" finished-at="2026-06-03T10:00:12 ICT" duration-ms="29032" status="PASS">
          <reporter-output>
          </reporter-output>
        </test-method> <!-- setup -->
        <test-method signature="tc_Leave_003_filterLeaveByDateRange()[pri:0, instance:com.orangehrm.tests.LeaveTest@488eb7f2]" started-at="2026-06-03T10:00:12 ICT" name="tc_Leave_003_filterLeaveByDateRange" description="TC_LEAVE_003: Tìm kiếm nghỉ phép theo khoảng ngày" finished-at="2026-06-03T10:00:43 ICT" duration-ms="30835" status="PASS">
          <reporter-output>
          </reporter-output>
        </test-method> <!-- tc_Leave_003_filterLeaveByDateRange -->
        <test-method is-config="true" signature="tearDown()[pri:0, instance:com.orangehrm.tests.LeaveTest@488eb7f2]" started-at="2026-06-03T10:00:43 ICT" name="tearDown" finished-at="2026-06-03T10:00:43 ICT" duration-ms="377" status="PASS">
          <reporter-output>
          </reporter-output>
        </test-method> <!-- tearDown -->
        <test-method is-config="true" signature="setUp()[pri:0, instance:com.orangehrm.tests.LeaveTest@488eb7f2]" started-at="2026-06-03T10:00:43 ICT" name="setUp" finished-at="2026-06-03T10:00:44 ICT" duration-ms="928" status="PASS">
          <reporter-output>
          </reporter-output>
        </test-method> <!-- setUp -->
        <test-method is-config="true" signature="setup()[pri:0, instance:com.orangehrm.tests.LeaveTest@488eb7f2]" started-at="2026-06-03T10:00:44 ICT" name="setup" finished-at="2026-06-03T10:01:21 ICT" duration-ms="37137" status="PASS">
          <reporter-output>
          </reporter-output>
        </test-method> <!-- setup -->
        <test-method signature="tc_Leave_004_resetLeaveFilter()[pri:0, instance:com.orangehrm.tests.LeaveTest@488eb7f2]" started-at="2026-06-03T10:01:21 ICT" name="tc_Leave_004_resetLeaveFilter" description="TC_LEAVE_004: Reset bộ lọc trong module Leave" finished-at="2026-06-03T10:01:53 ICT" duration-ms="31503" status="PASS">
          <reporter-output>
          </reporter-output>
        </test-method> <!-- tc_Leave_004_resetLeaveFilter -->
        <test-method is-config="true" signature="tearDown()[pri:0, instance:com.orangehrm.tests.LeaveTest@488eb7f2]" started-at="2026-06-03T10:01:53 ICT" name="tearDown" finished-at="2026-06-03T10:01:53 ICT" duration-ms="404" status="PASS">
          <reporter-output>
          </reporter-output>
        </test-method> <!-- tearDown -->
      </class> <!-- com.orangehrm.tests.LeaveTest -->
      <class name="com.orangehrm.tests.AdminTest">
        <test-method is-config="true" signature="setUp()[pri:0, instance:com.orangehrm.tests.AdminTest@7516e4e5]" started-at="2026-06-03T09:53:26 ICT" name="setUp" finished-at="2026-06-03T09:53:27 ICT" duration-ms="890" status="PASS">
          <reporter-output>
          </reporter-output>
        </test-method> <!-- setUp -->
        <test-method is-config="true" signature="setup()[pri:0, instance:com.orangehrm.tests.AdminTest@7516e4e5]" started-at="2026-06-03T09:53:27 ICT" name="setup" finished-at="2026-06-03T09:54:05 ICT" duration-ms="38658" status="PASS">
          <reporter-output>
          </reporter-output>
        </test-method> <!-- setup -->
        <test-method signature="tc_Admin_001_accessAdminModule()[pri:0, instance:com.orangehrm.tests.AdminTest@7516e4e5]" started-at="2026-06-03T09:54:05 ICT" name="tc_Admin_001_accessAdminModule" description="TC_ADMIN_001: Truy cập module Admin - Quản lý người dùng" finished-at="2026-06-03T09:54:05 ICT" duration-ms="10" status="PASS">
          <reporter-output>
          </reporter-output>
        </test-method> <!-- tc_Admin_001_accessAdminModule -->
        <test-method is-config="true" signature="tearDown()[pri:0, instance:com.orangehrm.tests.AdminTest@7516e4e5]" started-at="2026-06-03T09:54:05 ICT" name="tearDown" finished-at="2026-06-03T09:54:06 ICT" duration-ms="405" status="PASS">
          <reporter-output>
          </reporter-output>
        </test-method> <!-- tearDown -->
        <test-method is-config="true" signature="setUp()[pri:0, instance:com.orangehrm.tests.AdminTest@7516e4e5]" started-at="2026-06-03T09:54:06 ICT" name="setUp" finished-at="2026-06-03T09:54:07 ICT" duration-ms="877" status="PASS">
          <reporter-output>
          </reporter-output>
        </test-method> <!-- setUp -->
        <test-method is-config="true" signature="setup()[pri:0, instance:com.orangehrm.tests.AdminTest@7516e4e5]" started-at="2026-06-03T09:54:07 ICT" name="setup" finished-at="2026-06-03T09:54:44 ICT" duration-ms="37714" status="PASS">
          <reporter-output>
          </reporter-output>
        </test-method> <!-- setup -->
        <test-method signature="tc_Admin_002_systemUsersListDisplayed()[pri:0, instance:com.orangehrm.tests.AdminTest@7516e4e5]" started-at="2026-06-03T09:54:44 ICT" name="tc_Admin_002_systemUsersListDisplayed" description="TC_ADMIN_002: Danh sách người dùng hệ thống hiển thị" finished-at="2026-06-03T09:54:44 ICT" duration-ms="16" status="PASS">
          <reporter-output>
          </reporter-output>
        </test-method> <!-- tc_Admin_002_systemUsersListDisplayed -->
        <test-method is-config="true" signature="tearDown()[pri:0, instance:com.orangehrm.tests.AdminTest@7516e4e5]" started-at="2026-06-03T09:54:44 ICT" name="tearDown" finished-at="2026-06-03T09:54:45 ICT" duration-ms="380" status="PASS">
          <reporter-output>
          </reporter-output>
        </test-method> <!-- tearDown -->
        <test-method is-config="true" signature="setUp()[pri:0, instance:com.orangehrm.tests.AdminTest@7516e4e5]" started-at="2026-06-03T09:54:45 ICT" name="setUp" finished-at="2026-06-03T09:54:46 ICT" duration-ms="906" status="PASS">
          <reporter-output>
          </reporter-output>
        </test-method> <!-- setUp -->
        <test-method is-config="true" signature="setup()[pri:0, instance:com.orangehrm.tests.AdminTest@7516e4e5]" started-at="2026-06-03T09:54:46 ICT" name="setup" finished-at="2026-06-03T09:55:23 ICT" duration-ms="37693" status="PASS">
          <reporter-output>
          </reporter-output>
        </test-method> <!-- setup -->
        <test-method signature="tc_Admin_003_searchUserByUsername()[pri:0, instance:com.orangehrm.tests.AdminTest@7516e4e5]" started-at="2026-06-03T09:55:23 ICT" name="tc_Admin_003_searchUserByUsername" description="TC_ADMIN_003: Tìm kiếm người dùng &#039;Admin&#039; theo username" finished-at="2026-06-03T09:55:54 ICT" duration-ms="30745" status="FAIL">
          <exception class="org.openqa.selenium.TimeoutException">
            <message>
              <![CDATA[Expected condition failed: waiting for element to be clickable: Proxy element for: DefaultElementLocator 'By.cssSelector: .oxd-form-actions button.oxd-button--primary' (tried for 20 second(s) with 500 milliseconds interval)]]>
            </message>
            <full-stacktrace>
              <![CDATA[org.openqa.selenium.TimeoutException: Expected condition failed: waiting for element to be clickable: Proxy element for: DefaultElementLocator 'By.cssSelector: .oxd-form-actions button.oxd-button--primary' (tried for 20 second(s) with 500 milliseconds interval)
at org.openqa.selenium.support.ui.WebDriverWait.timeoutException(WebDriverWait.java:84)
at org.openqa.selenium.support.ui.FluentWait.until(FluentWait.java:228)
at com.orangehrm.pages.BasePage.waitForClickable(BasePage.java:40)
at com.orangehrm.pages.AdminPage.searchByUsername(AdminPage.java:45)
at com.orangehrm.tests.AdminTest.tc_Admin_003_searchUserByUsername(AdminTest.java:64)
at java.base/jdk.internal.reflect.DirectMethodHandleAccessor.invoke(DirectMethodHandleAccessor.java:103)
at java.base/java.lang.reflect.Method.invoke(Method.java:580)
at org.testng.internal.invokers.MethodInvocationHelper.invokeMethod(MethodInvocationHelper.java:139)
at org.testng.internal.invokers.TestInvoker.invokeMethod(TestInvoker.java:664)
at org.testng.internal.invokers.TestInvoker.invokeTestMethod(TestInvoker.java:228)
at org.testng.internal.invokers.MethodRunner.runInSequence(MethodRunner.java:63)
at org.testng.internal.invokers.TestInvoker$MethodInvocationAgent.invoke(TestInvoker.java:961)
at org.testng.internal.invokers.TestInvoker.invokeTestMethods(TestInvoker.java:201)
at org.testng.internal.invokers.TestMethodWorker.invokeTestMethods(TestMethodWorker.java:148)
at org.testng.internal.invokers.TestMethodWorker.run(TestMethodWorker.java:128)
at java.base/java.util.ArrayList.forEach(ArrayList.java:1596)
at org.testng.TestRunner.privateRun(TestRunner.java:819)
at org.testng.TestRunner.run(TestRunner.java:619)
at org.testng.SuiteRunner.runTest(SuiteRunner.java:443)
at org.testng.SuiteRunner.runSequentially(SuiteRunner.java:437)
at org.testng.SuiteRunner.privateRun(SuiteRunner.java:397)
at org.testng.SuiteRunner.run(SuiteRunner.java:336)
at org.testng.SuiteRunnerWorker.runSuite(SuiteRunnerWorker.java:52)
at org.testng.SuiteRunnerWorker.run(SuiteRunnerWorker.java:95)
at org.testng.TestNG.runSuitesSequentially(TestNG.java:1301)
at org.testng.TestNG.runSuitesLocally(TestNG.java:1228)
at org.testng.TestNG.runSuites(TestNG.java:1134)
at org.testng.TestNG.run(TestNG.java:1101)
at org.apache.maven.surefire.testng.TestNGExecutor.run(TestNGExecutor.java:308)
at org.apache.maven.surefire.testng.TestNGXmlTestSuite.execute(TestNGXmlTestSuite.java:71)
at org.apache.maven.surefire.testng.TestNGProvider.invoke(TestNGProvider.java:113)
at org.apache.maven.surefire.booter.ForkedBooter.runSuitesInProcess(ForkedBooter.java:385)
at org.apache.maven.surefire.booter.ForkedBooter.execute(ForkedBooter.java:162)
at org.apache.maven.surefire.booter.ForkedBooter.run(ForkedBooter.java:507)
at org.apache.maven.surefire.booter.ForkedBooter.main(ForkedBooter.java:495)
Caused by: org.openqa.selenium.NoSuchElementException: no such element: Unable to locate element: {"method":"css selector","selector":".oxd-form-actions button.oxd-button--primary"}
  (Session info: chrome=148.0.7778.217)
For documentation on this error, please visit: https://www.selenium.dev/documentation/webdriver/troubleshooting/errors#no-such-element-exception
Build info: version: '4.18.1', revision: 'b1d3319b48'
System info: os.name: 'Windows 11', os.arch: 'amd64', os.version: '10.0', java.version: '21.0.11'
Driver info: org.openqa.selenium.chrome.ChromeDriver
Command: [ee024c8c85c51b88b55b3c0aa470ce97, findElement {using=css selector, value=.oxd-form-actions button.oxd-button--primary}]
Capabilities {acceptInsecureCerts: false, browserName: chrome, browserVersion: 148.0.7778.217, chrome: {chromedriverVersion: 148.0.7778.178 (d096af1c9e9..., userDataDir: C:\Users\THINKP~1\AppData\L...}, fedcm:accounts: true, goog:chromeOptions: {debuggerAddress: localhost:56950}, goog:processID: 8444, networkConnectionEnabled: false, pageLoadStrategy: normal, platformName: windows, proxy: Proxy(), se:cdp: ws://localhost:56950/devtoo..., se:cdpVersion: 148.0.7778.217, setWindowRect: true, strictFileInteractability: false, timeouts: {implicit: 0, pageLoad: 300000, script: 30000}, unhandledPromptBehavior: dismiss and notify, webauthn:extension:credBlob: true, webauthn:extension:largeBlob: true, webauthn:extension:minPinLength: true, webauthn:extension:prf: true, webauthn:virtualAuthenticators: true}
Session ID: ee024c8c85c51b88b55b3c0aa470ce97
at java.base/jdk.internal.reflect.DirectConstructorHandleAccessor.newInstance(DirectConstructorHandleAccessor.java:62)
at java.base/java.lang.reflect.Constructor.newInstanceWithCaller(Constructor.java:502)
at java.base/java.lang.reflect.Constructor.newInstance(Constructor.java:486)
at org.openqa.selenium.remote.ErrorCodec.decode(ErrorCodec.java:167)
at org.openqa.selenium.remote.codec.w3c.W3CHttpResponseCodec.decode(W3CHttpResponseCodec.java:138)
at org.openqa.selenium.remote.codec.w3c.W3CHttpResponseCodec.decode(W3CHttpResponseCodec.java:50)
at org.openqa.selenium.remote.HttpCommandExecutor.execute(HttpCommandExecutor.java:190)
at org.openqa.selenium.remote.service.DriverCommandExecutor.invokeExecute(DriverCommandExecutor.java:216)
at org.openqa.selenium.remote.service.DriverCommandExecutor.execute(DriverCommandExecutor.java:174)
at org.openqa.selenium.remote.RemoteWebDriver.execute(RemoteWebDriver.java:519)
at org.openqa.selenium.remote.ElementLocation$ElementFinder$2.findElement(ElementLocation.java:165)
at org.openqa.selenium.remote.ElementLocation.findElement(ElementLocation.java:59)
at org.openqa.selenium.remote.RemoteWebDriver.findElement(RemoteWebDriver.java:356)
at org.openqa.selenium.remote.RemoteWebDriver.findElement(RemoteWebDriver.java:350)
at org.openqa.selenium.support.pagefactory.DefaultElementLocator.findElement(DefaultElementLocator.java:68)
at org.openqa.selenium.support.pagefactory.internal.LocatingElementHandler.invoke(LocatingElementHandler.java:38)
at jdk.proxy2/jdk.proxy2.$Proxy28.isDisplayed(Unknown Source)
at org.openqa.selenium.support.ui.ExpectedConditions.elementIfVisible(ExpectedConditions.java:304)
at org.openqa.selenium.support.ui.ExpectedConditions$10.apply(ExpectedConditions.java:290)
at org.openqa.selenium.support.ui.ExpectedConditions$10.apply(ExpectedConditions.java:287)
at org.openqa.selenium.support.ui.ExpectedConditions$23.apply(ExpectedConditions.java:656)
at org.openqa.selenium.support.ui.ExpectedConditions$23.apply(ExpectedConditions.java:652)
at org.openqa.selenium.support.ui.FluentWait.until(FluentWait.java:203)
... 33 more
]]>
            </full-stacktrace>
          </exception> <!-- org.openqa.selenium.TimeoutException -->
          <reporter-output>
          </reporter-output>
        </test-method> <!-- tc_Admin_003_searchUserByUsername -->
        <test-method is-config="true" signature="tearDown()[pri:0, instance:com.orangehrm.tests.AdminTest@7516e4e5]" started-at="2026-06-03T09:55:54 ICT" name="tearDown" finished-at="2026-06-03T09:55:55 ICT" duration-ms="355" status="PASS">
          <reporter-output>
          </reporter-output>
        </test-method> <!-- tearDown -->
        <test-method is-config="true" signature="setUp()[pri:0, instance:com.orangehrm.tests.AdminTest@7516e4e5]" started-at="2026-06-03T09:55:55 ICT" name="setUp" finished-at="2026-06-03T09:55:56 ICT" duration-ms="834" status="PASS">
          <reporter-output>
          </reporter-output>
        </test-method> <!-- setUp -->
        <test-method is-config="true" signature="setup()[pri:0, instance:com.orangehrm.tests.AdminTest@7516e4e5]" started-at="2026-06-03T09:55:56 ICT" name="setup" finished-at="2026-06-03T09:56:37 ICT" duration-ms="41178" status="PASS">
          <reporter-output>
          </reporter-output>
        </test-method> <!-- setup -->
        <test-method signature="tc_Admin_004_searchNonExistentUser()[pri:0, instance:com.orangehrm.tests.AdminTest@7516e4e5]" started-at="2026-06-03T09:56:37 ICT" name="tc_Admin_004_searchNonExistentUser" description="TC_ADMIN_004: Tìm kiếm người dùng không tồn tại" finished-at="2026-06-03T09:57:07 ICT" duration-ms="30768" status="FAIL">
          <exception class="org.openqa.selenium.TimeoutException">
            <message>
              <![CDATA[Expected condition failed: waiting for element to be clickable: Proxy element for: DefaultElementLocator 'By.cssSelector: .oxd-form-actions button.oxd-button--primary' (tried for 20 second(s) with 500 milliseconds interval)]]>
            </message>
            <full-stacktrace>
              <![CDATA[org.openqa.selenium.TimeoutException: Expected condition failed: waiting for element to be clickable: Proxy element for: DefaultElementLocator 'By.cssSelector: .oxd-form-actions button.oxd-button--primary' (tried for 20 second(s) with 500 milliseconds interval)
at org.openqa.selenium.support.ui.WebDriverWait.timeoutException(WebDriverWait.java:84)
at org.openqa.selenium.support.ui.FluentWait.until(FluentWait.java:228)
at com.orangehrm.pages.BasePage.waitForClickable(BasePage.java:40)
at com.orangehrm.pages.AdminPage.searchByUsername(AdminPage.java:45)
at com.orangehrm.tests.AdminTest.tc_Admin_004_searchNonExistentUser(AdminTest.java:79)
at java.base/jdk.internal.reflect.DirectMethodHandleAccessor.invoke(DirectMethodHandleAccessor.java:103)
at java.base/java.lang.reflect.Method.invoke(Method.java:580)
at org.testng.internal.invokers.MethodInvocationHelper.invokeMethod(MethodInvocationHelper.java:139)
at org.testng.internal.invokers.TestInvoker.invokeMethod(TestInvoker.java:664)
at org.testng.internal.invokers.TestInvoker.invokeTestMethod(TestInvoker.java:228)
at org.testng.internal.invokers.MethodRunner.runInSequence(MethodRunner.java:63)
at org.testng.internal.invokers.TestInvoker$MethodInvocationAgent.invoke(TestInvoker.java:961)
at org.testng.internal.invokers.TestInvoker.invokeTestMethods(TestInvoker.java:201)
at org.testng.internal.invokers.TestMethodWorker.invokeTestMethods(TestMethodWorker.java:148)
at org.testng.internal.invokers.TestMethodWorker.run(TestMethodWorker.java:128)
at java.base/java.util.ArrayList.forEach(ArrayList.java:1596)
at org.testng.TestRunner.privateRun(TestRunner.java:819)
at org.testng.TestRunner.run(TestRunner.java:619)
at org.testng.SuiteRunner.runTest(SuiteRunner.java:443)
at org.testng.SuiteRunner.runSequentially(SuiteRunner.java:437)
at org.testng.SuiteRunner.privateRun(SuiteRunner.java:397)
at org.testng.SuiteRunner.run(SuiteRunner.java:336)
at org.testng.SuiteRunnerWorker.runSuite(SuiteRunnerWorker.java:52)
at org.testng.SuiteRunnerWorker.run(SuiteRunnerWorker.java:95)
at org.testng.TestNG.runSuitesSequentially(TestNG.java:1301)
at org.testng.TestNG.runSuitesLocally(TestNG.java:1228)
at org.testng.TestNG.runSuites(TestNG.java:1134)
at org.testng.TestNG.run(TestNG.java:1101)
at org.apache.maven.surefire.testng.TestNGExecutor.run(TestNGExecutor.java:308)
at org.apache.maven.surefire.testng.TestNGXmlTestSuite.execute(TestNGXmlTestSuite.java:71)
at org.apache.maven.surefire.testng.TestNGProvider.invoke(TestNGProvider.java:113)
at org.apache.maven.surefire.booter.ForkedBooter.runSuitesInProcess(ForkedBooter.java:385)
at org.apache.maven.surefire.booter.ForkedBooter.execute(ForkedBooter.java:162)
at org.apache.maven.surefire.booter.ForkedBooter.run(ForkedBooter.java:507)
at org.apache.maven.surefire.booter.ForkedBooter.main(ForkedBooter.java:495)
Caused by: org.openqa.selenium.NoSuchElementException: no such element: Unable to locate element: {"method":"css selector","selector":".oxd-form-actions button.oxd-button--primary"}
  (Session info: chrome=148.0.7778.217)
For documentation on this error, please visit: https://www.selenium.dev/documentation/webdriver/troubleshooting/errors#no-such-element-exception
Build info: version: '4.18.1', revision: 'b1d3319b48'
System info: os.name: 'Windows 11', os.arch: 'amd64', os.version: '10.0', java.version: '21.0.11'
Driver info: org.openqa.selenium.chrome.ChromeDriver
Command: [4b564414c04b70dfaf152d954ba06866, findElement {using=css selector, value=.oxd-form-actions button.oxd-button--primary}]
Capabilities {acceptInsecureCerts: false, browserName: chrome, browserVersion: 148.0.7778.217, chrome: {chromedriverVersion: 148.0.7778.178 (d096af1c9e9..., userDataDir: C:\Users\THINKP~1\AppData\L...}, fedcm:accounts: true, goog:chromeOptions: {debuggerAddress: localhost:64517}, goog:processID: 31060, networkConnectionEnabled: false, pageLoadStrategy: normal, platformName: windows, proxy: Proxy(), se:cdp: ws://localhost:64517/devtoo..., se:cdpVersion: 148.0.7778.217, setWindowRect: true, strictFileInteractability: false, timeouts: {implicit: 0, pageLoad: 300000, script: 30000}, unhandledPromptBehavior: dismiss and notify, webauthn:extension:credBlob: true, webauthn:extension:largeBlob: true, webauthn:extension:minPinLength: true, webauthn:extension:prf: true, webauthn:virtualAuthenticators: true}
Session ID: 4b564414c04b70dfaf152d954ba06866
at java.base/jdk.internal.reflect.DirectConstructorHandleAccessor.newInstance(DirectConstructorHandleAccessor.java:62)
at java.base/java.lang.reflect.Constructor.newInstanceWithCaller(Constructor.java:502)
at java.base/java.lang.reflect.Constructor.newInstance(Constructor.java:486)
at org.openqa.selenium.remote.ErrorCodec.decode(ErrorCodec.java:167)
at org.openqa.selenium.remote.codec.w3c.W3CHttpResponseCodec.decode(W3CHttpResponseCodec.java:138)
at org.openqa.selenium.remote.codec.w3c.W3CHttpResponseCodec.decode(W3CHttpResponseCodec.java:50)
at org.openqa.selenium.remote.HttpCommandExecutor.execute(HttpCommandExecutor.java:190)
at org.openqa.selenium.remote.service.DriverCommandExecutor.invokeExecute(DriverCommandExecutor.java:216)
at org.openqa.selenium.remote.service.DriverCommandExecutor.execute(DriverCommandExecutor.java:174)
at org.openqa.selenium.remote.RemoteWebDriver.execute(RemoteWebDriver.java:519)
at org.openqa.selenium.remote.ElementLocation$ElementFinder$2.findElement(ElementLocation.java:165)
at org.openqa.selenium.remote.ElementLocation.findElement(ElementLocation.java:59)
at org.openqa.selenium.remote.RemoteWebDriver.findElement(RemoteWebDriver.java:356)
at org.openqa.selenium.remote.RemoteWebDriver.findElement(RemoteWebDriver.java:350)
at org.openqa.selenium.support.pagefactory.DefaultElementLocator.findElement(DefaultElementLocator.java:68)
at org.openqa.selenium.support.pagefactory.internal.LocatingElementHandler.invoke(LocatingElementHandler.java:38)
at jdk.proxy2/jdk.proxy2.$Proxy28.isDisplayed(Unknown Source)
at org.openqa.selenium.support.ui.ExpectedConditions.elementIfVisible(ExpectedConditions.java:304)
at org.openqa.selenium.support.ui.ExpectedConditions$10.apply(ExpectedConditions.java:290)
at org.openqa.selenium.support.ui.ExpectedConditions$10.apply(ExpectedConditions.java:287)
at org.openqa.selenium.support.ui.ExpectedConditions$23.apply(ExpectedConditions.java:656)
at org.openqa.selenium.support.ui.ExpectedConditions$23.apply(ExpectedConditions.java:652)
at org.openqa.selenium.support.ui.FluentWait.until(FluentWait.java:203)
... 33 more
]]>
            </full-stacktrace>
          </exception> <!-- org.openqa.selenium.TimeoutException -->
          <reporter-output>
          </reporter-output>
        </test-method> <!-- tc_Admin_004_searchNonExistentUser -->
        <test-method is-config="true" signature="tearDown()[pri:0, instance:com.orangehrm.tests.AdminTest@7516e4e5]" started-at="2026-06-03T09:57:08 ICT" name="tearDown" finished-at="2026-06-03T09:57:08 ICT" duration-ms="367" status="PASS">
          <reporter-output>
          </reporter-output>
        </test-method> <!-- tearDown -->
        <test-method is-config="true" signature="setUp()[pri:0, instance:com.orangehrm.tests.AdminTest@7516e4e5]" started-at="2026-06-03T09:57:08 ICT" name="setUp" finished-at="2026-06-03T09:57:09 ICT" duration-ms="847" status="PASS">
          <reporter-output>
          </reporter-output>
        </test-method> <!-- setUp -->
        <test-method is-config="true" signature="setup()[pri:0, instance:com.orangehrm.tests.AdminTest@7516e4e5]" started-at="2026-06-03T09:57:09 ICT" name="setup" finished-at="2026-06-03T09:57:49 ICT" duration-ms="39758" status="PASS">
          <reporter-output>
          </reporter-output>
        </test-method> <!-- setup -->
        <test-method signature="tc_Admin_005_resetAdminSearchFilter()[pri:0, instance:com.orangehrm.tests.AdminTest@7516e4e5]" started-at="2026-06-03T09:57:49 ICT" name="tc_Admin_005_resetAdminSearchFilter" description="TC_ADMIN_005: Reset bộ lọc tìm kiếm trong module Admin" finished-at="2026-06-03T09:58:19 ICT" duration-ms="30731" status="FAIL">
          <exception class="org.openqa.selenium.TimeoutException">
            <message>
              <![CDATA[Expected condition failed: waiting for element to be clickable: Proxy element for: DefaultElementLocator 'By.cssSelector: .oxd-form-actions button.oxd-button--primary' (tried for 20 second(s) with 500 milliseconds interval)]]>
            </message>
            <full-stacktrace>
              <![CDATA[org.openqa.selenium.TimeoutException: Expected condition failed: waiting for element to be clickable: Proxy element for: DefaultElementLocator 'By.cssSelector: .oxd-form-actions button.oxd-button--primary' (tried for 20 second(s) with 500 milliseconds interval)
at org.openqa.selenium.support.ui.WebDriverWait.timeoutException(WebDriverWait.java:84)
at org.openqa.selenium.support.ui.FluentWait.until(FluentWait.java:228)
at com.orangehrm.pages.BasePage.waitForClickable(BasePage.java:40)
at com.orangehrm.pages.AdminPage.searchByUsername(AdminPage.java:45)
at com.orangehrm.tests.AdminTest.tc_Admin_005_resetAdminSearchFilter(AdminTest.java:96)
at java.base/jdk.internal.reflect.DirectMethodHandleAccessor.invoke(DirectMethodHandleAccessor.java:103)
at java.base/java.lang.reflect.Method.invoke(Method.java:580)
at org.testng.internal.invokers.MethodInvocationHelper.invokeMethod(MethodInvocationHelper.java:139)
at org.testng.internal.invokers.TestInvoker.invokeMethod(TestInvoker.java:664)
at org.testng.internal.invokers.TestInvoker.invokeTestMethod(TestInvoker.java:228)
at org.testng.internal.invokers.MethodRunner.runInSequence(MethodRunner.java:63)
at org.testng.internal.invokers.TestInvoker$MethodInvocationAgent.invoke(TestInvoker.java:961)
at org.testng.internal.invokers.TestInvoker.invokeTestMethods(TestInvoker.java:201)
at org.testng.internal.invokers.TestMethodWorker.invokeTestMethods(TestMethodWorker.java:148)
at org.testng.internal.invokers.TestMethodWorker.run(TestMethodWorker.java:128)
at java.base/java.util.ArrayList.forEach(ArrayList.java:1596)
at org.testng.TestRunner.privateRun(TestRunner.java:819)
at org.testng.TestRunner.run(TestRunner.java:619)
at org.testng.SuiteRunner.runTest(SuiteRunner.java:443)
at org.testng.SuiteRunner.runSequentially(SuiteRunner.java:437)
at org.testng.SuiteRunner.privateRun(SuiteRunner.java:397)
at org.testng.SuiteRunner.run(SuiteRunner.java:336)
at org.testng.SuiteRunnerWorker.runSuite(SuiteRunnerWorker.java:52)
at org.testng.SuiteRunnerWorker.run(SuiteRunnerWorker.java:95)
at org.testng.TestNG.runSuitesSequentially(TestNG.java:1301)
at org.testng.TestNG.runSuitesLocally(TestNG.java:1228)
at org.testng.TestNG.runSuites(TestNG.java:1134)
at org.testng.TestNG.run(TestNG.java:1101)
at org.apache.maven.surefire.testng.TestNGExecutor.run(TestNGExecutor.java:308)
at org.apache.maven.surefire.testng.TestNGXmlTestSuite.execute(TestNGXmlTestSuite.java:71)
at org.apache.maven.surefire.testng.TestNGProvider.invoke(TestNGProvider.java:113)
at org.apache.maven.surefire.booter.ForkedBooter.runSuitesInProcess(ForkedBooter.java:385)
at org.apache.maven.surefire.booter.ForkedBooter.execute(ForkedBooter.java:162)
at org.apache.maven.surefire.booter.ForkedBooter.run(ForkedBooter.java:507)
at org.apache.maven.surefire.booter.ForkedBooter.main(ForkedBooter.java:495)
Caused by: org.openqa.selenium.NoSuchElementException: no such element: Unable to locate element: {"method":"css selector","selector":".oxd-form-actions button.oxd-button--primary"}
  (Session info: chrome=148.0.7778.217)
For documentation on this error, please visit: https://www.selenium.dev/documentation/webdriver/troubleshooting/errors#no-such-element-exception
Build info: version: '4.18.1', revision: 'b1d3319b48'
System info: os.name: 'Windows 11', os.arch: 'amd64', os.version: '10.0', java.version: '21.0.11'
Driver info: org.openqa.selenium.chrome.ChromeDriver
Command: [b05a7eddfb1c995a01c9d85ae280ce3a, findElement {using=css selector, value=.oxd-form-actions button.oxd-button--primary}]
Capabilities {acceptInsecureCerts: false, browserName: chrome, browserVersion: 148.0.7778.217, chrome: {chromedriverVersion: 148.0.7778.178 (d096af1c9e9..., userDataDir: C:\Users\THINKP~1\AppData\L...}, fedcm:accounts: true, goog:chromeOptions: {debuggerAddress: localhost:62916}, goog:processID: 35416, networkConnectionEnabled: false, pageLoadStrategy: normal, platformName: windows, proxy: Proxy(), se:cdp: ws://localhost:62916/devtoo..., se:cdpVersion: 148.0.7778.217, setWindowRect: true, strictFileInteractability: false, timeouts: {implicit: 0, pageLoad: 300000, script: 30000}, unhandledPromptBehavior: dismiss and notify, webauthn:extension:credBlob: true, webauthn:extension:largeBlob: true, webauthn:extension:minPinLength: true, webauthn:extension:prf: true, webauthn:virtualAuthenticators: true}
Session ID: b05a7eddfb1c995a01c9d85ae280ce3a
at java.base/jdk.internal.reflect.DirectConstructorHandleAccessor.newInstance(DirectConstructorHandleAccessor.java:62)
at java.base/java.lang.reflect.Constructor.newInstanceWithCaller(Constructor.java:502)
at java.base/java.lang.reflect.Constructor.newInstance(Constructor.java:486)
at org.openqa.selenium.remote.ErrorCodec.decode(ErrorCodec.java:167)
at org.openqa.selenium.remote.codec.w3c.W3CHttpResponseCodec.decode(W3CHttpResponseCodec.java:138)
at org.openqa.selenium.remote.codec.w3c.W3CHttpResponseCodec.decode(W3CHttpResponseCodec.java:50)
at org.openqa.selenium.remote.HttpCommandExecutor.execute(HttpCommandExecutor.java:190)
at org.openqa.selenium.remote.service.DriverCommandExecutor.invokeExecute(DriverCommandExecutor.java:216)
at org.openqa.selenium.remote.service.DriverCommandExecutor.execute(DriverCommandExecutor.java:174)
at org.openqa.selenium.remote.RemoteWebDriver.execute(RemoteWebDriver.java:519)
at org.openqa.selenium.remote.ElementLocation$ElementFinder$2.findElement(ElementLocation.java:165)
at org.openqa.selenium.remote.ElementLocation.findElement(ElementLocation.java:59)
at org.openqa.selenium.remote.RemoteWebDriver.findElement(RemoteWebDriver.java:356)
at org.openqa.selenium.remote.RemoteWebDriver.findElement(RemoteWebDriver.java:350)
at org.openqa.selenium.support.pagefactory.DefaultElementLocator.findElement(DefaultElementLocator.java:68)
at org.openqa.selenium.support.pagefactory.internal.LocatingElementHandler.invoke(LocatingElementHandler.java:38)
at jdk.proxy2/jdk.proxy2.$Proxy28.isDisplayed(Unknown Source)
at org.openqa.selenium.support.ui.ExpectedConditions.elementIfVisible(ExpectedConditions.java:304)
at org.openqa.selenium.support.ui.ExpectedConditions$10.apply(ExpectedConditions.java:290)
at org.openqa.selenium.support.ui.ExpectedConditions$10.apply(ExpectedConditions.java:287)
at org.openqa.selenium.support.ui.ExpectedConditions$23.apply(ExpectedConditions.java:656)
at org.openqa.selenium.support.ui.ExpectedConditions$23.apply(ExpectedConditions.java:652)
at org.openqa.selenium.support.ui.FluentWait.until(FluentWait.java:203)
... 33 more
]]>
            </full-stacktrace>
          </exception> <!-- org.openqa.selenium.TimeoutException -->
          <reporter-output>
          </reporter-output>
        </test-method> <!-- tc_Admin_005_resetAdminSearchFilter -->
        <test-method is-config="true" signature="tearDown()[pri:0, instance:com.orangehrm.tests.AdminTest@7516e4e5]" started-at="2026-06-03T09:58:20 ICT" name="tearDown" finished-at="2026-06-03T09:58:20 ICT" duration-ms="403" status="PASS">
          <reporter-output>
          </reporter-output>
        </test-method> <!-- tearDown -->
      </class> <!-- com.orangehrm.tests.AdminTest -->
      <class name="com.orangehrm.tests.EmployeeTest">
        <test-method is-config="true" signature="setUp()[pri:0, instance:com.orangehrm.tests.EmployeeTest@1021f6c9]" started-at="2026-06-03T09:45:02 ICT" name="setUp" finished-at="2026-06-03T09:45:03 ICT" duration-ms="890" status="PASS">
          <reporter-output>
          </reporter-output>
        </test-method> <!-- setUp -->
        <test-method is-config="true" signature="loginAndNavigateToPIM()[pri:0, instance:com.orangehrm.tests.EmployeeTest@1021f6c9]" started-at="2026-06-03T09:45:03 ICT" name="loginAndNavigateToPIM" finished-at="2026-06-03T09:45:32 ICT" duration-ms="29645" status="PASS">
          <reporter-output>
          </reporter-output>
        </test-method> <!-- loginAndNavigateToPIM -->
        <test-method signature="tc_Emp_001_viewEmployeeList()[pri:0, instance:com.orangehrm.tests.EmployeeTest@1021f6c9]" started-at="2026-06-03T09:45:32 ICT" name="tc_Emp_001_viewEmployeeList" description="TC_EMP_001: Xem danh sách nhân viên trong module PIM" finished-at="2026-06-03T09:45:58 ICT" duration-ms="25632" status="PASS">
          <reporter-output>
          </reporter-output>
        </test-method> <!-- tc_Emp_001_viewEmployeeList -->
        <test-method is-config="true" signature="tearDown()[pri:0, instance:com.orangehrm.tests.EmployeeTest@1021f6c9]" started-at="2026-06-03T09:45:58 ICT" name="tearDown" finished-at="2026-06-03T09:45:58 ICT" duration-ms="435" status="PASS">
          <reporter-output>
          </reporter-output>
        </test-method> <!-- tearDown -->
        <test-method is-config="true" signature="setUp()[pri:0, instance:com.orangehrm.tests.EmployeeTest@1021f6c9]" started-at="2026-06-03T09:45:58 ICT" name="setUp" finished-at="2026-06-03T09:45:59 ICT" duration-ms="902" status="PASS">
          <reporter-output>
          </reporter-output>
        </test-method> <!-- setUp -->
        <test-method is-config="true" signature="loginAndNavigateToPIM()[pri:0, instance:com.orangehrm.tests.EmployeeTest@1021f6c9]" started-at="2026-06-03T09:45:59 ICT" name="loginAndNavigateToPIM" finished-at="2026-06-03T09:46:39 ICT" duration-ms="39208" status="PASS">
          <reporter-output>
          </reporter-output>
        </test-method> <!-- loginAndNavigateToPIM -->
        <test-method signature="tc_Emp_002_addNewEmployeeSuccessfully()[pri:0, instance:com.orangehrm.tests.EmployeeTest@1021f6c9]" started-at="2026-06-03T09:46:39 ICT" name="tc_Emp_002_addNewEmployeeSuccessfully" description="TC_EMP_002: Thêm nhân viên mới với đầy đủ thông tin bắt buộc" finished-at="2026-06-03T09:47:54 ICT" duration-ms="75867" status="PASS">
          <reporter-output>
          </reporter-output>
        </test-method> <!-- tc_Emp_002_addNewEmployeeSuccessfully -->
        <test-method is-config="true" signature="tearDown()[pri:0, instance:com.orangehrm.tests.EmployeeTest@1021f6c9]" started-at="2026-06-03T09:47:54 ICT" name="tearDown" finished-at="2026-06-03T09:47:55 ICT" duration-ms="392" status="PASS">
          <reporter-output>
          </reporter-output>
        </test-method> <!-- tearDown -->
        <test-method is-config="true" signature="setUp()[pri:0, instance:com.orangehrm.tests.EmployeeTest@1021f6c9]" started-at="2026-06-03T09:47:55 ICT" name="setUp" finished-at="2026-06-03T09:47:56 ICT" duration-ms="949" status="PASS">
          <reporter-output>
          </reporter-output>
        </test-method> <!-- setUp -->
        <test-method is-config="true" signature="loginAndNavigateToPIM()[pri:0, instance:com.orangehrm.tests.EmployeeTest@1021f6c9]" started-at="2026-06-03T09:47:56 ICT" name="loginAndNavigateToPIM" finished-at="2026-06-03T09:48:23 ICT" duration-ms="27729" status="PASS">
          <reporter-output>
          </reporter-output>
        </test-method> <!-- loginAndNavigateToPIM -->
        <test-method signature="tc_Emp_003_addEmployeeWithEmptyLastName()[pri:0, instance:com.orangehrm.tests.EmployeeTest@1021f6c9]" started-at="2026-06-03T09:48:23 ICT" name="tc_Emp_003_addEmployeeWithEmptyLastName" description="TC_EMP_003: Thêm nhân viên với Last Name bị trống" finished-at="2026-06-03T09:49:06 ICT" duration-ms="42796" status="PASS">
          <reporter-output>
          </reporter-output>
        </test-method> <!-- tc_Emp_003_addEmployeeWithEmptyLastName -->
        <test-method is-config="true" signature="tearDown()[pri:0, instance:com.orangehrm.tests.EmployeeTest@1021f6c9]" started-at="2026-06-03T09:49:06 ICT" name="tearDown" finished-at="2026-06-03T09:49:07 ICT" duration-ms="417" status="PASS">
          <reporter-output>
          </reporter-output>
        </test-method> <!-- tearDown -->
        <test-method is-config="true" signature="setUp()[pri:0, instance:com.orangehrm.tests.EmployeeTest@1021f6c9]" started-at="2026-06-03T09:49:07 ICT" name="setUp" finished-at="2026-06-03T09:49:08 ICT" duration-ms="833" status="PASS">
          <reporter-output>
          </reporter-output>
        </test-method> <!-- setUp -->
        <test-method is-config="true" signature="loginAndNavigateToPIM()[pri:0, instance:com.orangehrm.tests.EmployeeTest@1021f6c9]" started-at="2026-06-03T09:49:08 ICT" name="loginAndNavigateToPIM" finished-at="2026-06-03T09:49:25 ICT" duration-ms="17124" status="PASS">
          <reporter-output>
          </reporter-output>
        </test-method> <!-- loginAndNavigateToPIM -->
        <test-method signature="tc_Emp_004_searchEmployeeByName()[pri:0, instance:com.orangehrm.tests.EmployeeTest@1021f6c9]" started-at="2026-06-03T09:49:25 ICT" name="tc_Emp_004_searchEmployeeByName" description="TC_EMP_004: Tìm kiếm nhân viên theo tên hợp lệ" finished-at="2026-06-03T09:49:47 ICT" duration-ms="22416" status="PASS">
          <reporter-output>
          </reporter-output>
        </test-method> <!-- tc_Emp_004_searchEmployeeByName -->
        <test-method is-config="true" signature="tearDown()[pri:0, instance:com.orangehrm.tests.EmployeeTest@1021f6c9]" started-at="2026-06-03T09:49:47 ICT" name="tearDown" finished-at="2026-06-03T09:49:47 ICT" duration-ms="365" status="PASS">
          <reporter-output>
          </reporter-output>
        </test-method> <!-- tearDown -->
        <test-method is-config="true" signature="setUp()[pri:0, instance:com.orangehrm.tests.EmployeeTest@1021f6c9]" started-at="2026-06-03T09:49:47 ICT" name="setUp" finished-at="2026-06-03T09:49:48 ICT" duration-ms="868" status="PASS">
          <reporter-output>
          </reporter-output>
        </test-method> <!-- setUp -->
        <test-method is-config="true" signature="loginAndNavigateToPIM()[pri:0, instance:com.orangehrm.tests.EmployeeTest@1021f6c9]" started-at="2026-06-03T09:49:48 ICT" name="loginAndNavigateToPIM" finished-at="2026-06-03T09:50:23 ICT" duration-ms="34513" status="PASS">
          <reporter-output>
          </reporter-output>
        </test-method> <!-- loginAndNavigateToPIM -->
        <test-method signature="tc_Emp_005_searchNonExistentEmployee()[pri:0, instance:com.orangehrm.tests.EmployeeTest@1021f6c9]" started-at="2026-06-03T09:50:23 ICT" name="tc_Emp_005_searchNonExistentEmployee" description="TC_EMP_005: Tìm kiếm nhân viên không tồn tại trong hệ thống" finished-at="2026-06-03T09:50:56 ICT" duration-ms="32973" status="PASS">
          <reporter-output>
          </reporter-output>
        </test-method> <!-- tc_Emp_005_searchNonExistentEmployee -->
        <test-method is-config="true" signature="tearDown()[pri:0, instance:com.orangehrm.tests.EmployeeTest@1021f6c9]" started-at="2026-06-03T09:50:56 ICT" name="tearDown" finished-at="2026-06-03T09:50:56 ICT" duration-ms="334" status="PASS">
          <reporter-output>
          </reporter-output>
        </test-method> <!-- tearDown -->
        <test-method is-config="true" signature="setUp()[pri:0, instance:com.orangehrm.tests.EmployeeTest@1021f6c9]" started-at="2026-06-03T09:50:56 ICT" name="setUp" finished-at="2026-06-03T09:50:57 ICT" duration-ms="846" status="PASS">
          <reporter-output>
          </reporter-output>
        </test-method> <!-- setUp -->
        <test-method is-config="true" signature="loginAndNavigateToPIM()[pri:0, instance:com.orangehrm.tests.EmployeeTest@1021f6c9]" started-at="2026-06-03T09:50:57 ICT" name="loginAndNavigateToPIM" finished-at="2026-06-03T09:51:31 ICT" duration-ms="34000" status="PASS">
          <reporter-output>
          </reporter-output>
        </test-method> <!-- loginAndNavigateToPIM -->
        <test-method signature="tc_Emp_006_resetSearchFilter()[pri:0, instance:com.orangehrm.tests.EmployeeTest@1021f6c9]" started-at="2026-06-03T09:51:31 ICT" name="tc_Emp_006_resetSearchFilter" description="TC_EMP_006: Reset bộ lọc tìm kiếm nhân viên" finished-at="2026-06-03T09:52:17 ICT" duration-ms="45968" status="PASS">
          <reporter-output>
          </reporter-output>
        </test-method> <!-- tc_Emp_006_resetSearchFilter -->
        <test-method is-config="true" signature="tearDown()[pri:0, instance:com.orangehrm.tests.EmployeeTest@1021f6c9]" started-at="2026-06-03T09:52:17 ICT" name="tearDown" finished-at="2026-06-03T09:52:17 ICT" duration-ms="302" status="PASS">
          <reporter-output>
          </reporter-output>
        </test-method> <!-- tearDown -->
        <test-method is-config="true" signature="setUp()[pri:0, instance:com.orangehrm.tests.EmployeeTest@1021f6c9]" started-at="2026-06-03T09:52:17 ICT" name="setUp" finished-at="2026-06-03T09:52:18 ICT" duration-ms="698" status="PASS">
          <reporter-output>
          </reporter-output>
        </test-method> <!-- setUp -->
        <test-method is-config="true" signature="loginAndNavigateToPIM()[pri:0, instance:com.orangehrm.tests.EmployeeTest@1021f6c9]" started-at="2026-06-03T09:52:18 ICT" name="loginAndNavigateToPIM" finished-at="2026-06-03T09:52:50 ICT" duration-ms="31589" status="PASS">
          <reporter-output>
          </reporter-output>
        </test-method> <!-- loginAndNavigateToPIM -->
[...]
          <exception class="org.openqa.selenium.SessionNotCreatedException">
            <message>
              <![CDATA[Could not start a new session. Possible causes are invalid address of the remote server or browser start-up failure. 
Host info: host: 'THINKPAD', ip: '172.27.224.1']]>
            </message>
            <full-stacktrace>
              <![CDATA[org.openqa.selenium.SessionNotCreatedException: Could not start a new session. Possible causes are invalid address of the remote server or browser start-up failure. 
Host info: host: 'THINKPAD', ip: '172.27.224.1'
at org.openqa.selenium.remote.RemoteWebDriver.execute(RemoteWebDriver.java:537)
at org.openqa.selenium.remote.RemoteWebDriver.startSession(RemoteWebDriver.java:233)
at org.openqa.selenium.remote.RemoteWebDriver.<init>(RemoteWebDriver.java:162)
at org.openqa.selenium.chromium.ChromiumDriver.<init>(ChromiumDriver.java:114)
at org.openqa.selenium.chrome.ChromeDriver.<init>(ChromeDriver.java:89)
at org.openqa.selenium.chrome.ChromeDriver.<init>(ChromeDriver.java:84)
at org.openqa.selenium.chrome.ChromeDriver.<init>(ChromeDriver.java:73)
at com.orangehrm.utils.DriverManager.initChromeDriver(DriverManager.java:69)
at com.orangehrm.utils.DriverManager.initDriver(DriverManager.java:38)
at com.orangehrm.tests.BaseTest.setUp(BaseTest.java:25)
at java.base/jdk.internal.reflect.DirectMethodHandleAccessor.invoke(DirectMethodHandleAccessor.java:103)
at java.base/java.lang.reflect.Method.invoke(Method.java:580)
at org.testng.internal.invokers.MethodInvocationHelper.invokeMethod(MethodInvocationHelper.java:139)
at org.testng.internal.invokers.MethodInvocationHelper.invokeMethodConsideringTimeout(MethodInvocationHelper.java:69)
at org.testng.internal.invokers.ConfigInvoker.invokeConfigurationMethod(ConfigInvoker.java:393)
at org.testng.internal.invokers.ConfigInvoker.invokeConfigurations(ConfigInvoker.java:326)
at org.testng.internal.invokers.TestInvoker.runConfigMethods(TestInvoker.java:810)
at org.testng.internal.invokers.TestInvoker.invokeMethod(TestInvoker.java:578)
at org.testng.internal.invokers.TestInvoker.invokeTestMethod(TestInvoker.java:228)
at org.testng.internal.invokers.MethodRunner.runInSequence(MethodRunner.java:63)
at org.testng.internal.invokers.TestInvoker$MethodInvocationAgent.invoke(TestInvoker.java:961)
at org.testng.internal.invokers.TestInvoker.invokeTestMethods(TestInvoker.java:201)
at org.testng.internal.invokers.TestMethodWorker.invokeTestMethods(TestMethodWorker.java:148)
at org.testng.internal.invokers.TestMethodWorker.run(TestMethodWorker.java:128)
at java.base/java.util.ArrayList.forEach(ArrayList.java:1596)
at org.testng.TestRunner.privateRun(TestRunner.java:819)
at org.testng.TestRunner.run(TestRunner.java:619)
at org.testng.SuiteRunner.runTest(SuiteRunner.java:443)
at org.testng.SuiteRunner.runSequentially(SuiteRunner.java:437)
at org.testng.SuiteRunner.privateRun(SuiteRunner.java:397)
at org.testng.SuiteRunner.run(SuiteRunner.java:336)
at org.testng.SuiteRunnerWorker.runSuite(SuiteRunnerWorker.java:52)
at org.testng.SuiteRunnerWorker.run(SuiteRunnerWorker.java:95)
at org.testng.TestNG.runSuitesSequentially(TestNG.java:1301)
at org.testng.TestNG.runSuitesLocally(TestNG.java:1228)
at org.testng.TestNG.runSuites(TestNG.java:1134)
at org.testng.TestNG.run(TestNG.java:1101)
at org.apache.maven.surefire.testng.TestNGExecutor.run(TestNGExecutor.java:308)
at org.apache.maven.surefire.testng.TestNGXmlTestSuite.execute(TestNGXmlTestSuite.java:71)
at org.apache.maven.surefire.testng.TestNGProvider.invoke(TestNGProvider.java:113)
at org.apache.maven.surefire.booter.ForkedBooter.runSuitesInProcess(ForkedBooter.java:385)
at org.apache.maven.surefire.booter.ForkedBooter.execute(ForkedBooter.java:162)
at org.apache.maven.surefire.booter.ForkedBooter.run(ForkedBooter.java:507)
at org.apache.maven.surefire.booter.ForkedBooter.main(ForkedBooter.java:495)
Caused by: org.openqa.selenium.TimeoutException: java.net.http.HttpTimeoutException: request timed out
Build info: version: '4.18.1', revision: 'b1d3319b48'
System info: os.name: 'Windows 11', os.arch: 'amd64', os.version: '10.0', java.version: '21.0.11'
Driver info: driver.version: ChromeDriver
at org.openqa.selenium.remote.http.jdk.JdkHttpClient.execute0(JdkHttpClient.java:393)
at org.openqa.selenium.remote.http.AddSeleniumUserAgent.lambda$apply$0(AddSeleniumUserAgent.java:42)
at org.openqa.selenium.remote.http.Filter.lambda$andFinally$1(Filter.java:55)
at org.openqa.selenium.remote.http.jdk.JdkHttpClient.execute(JdkHttpClient.java:359)
at org.openqa.selenium.remote.ProtocolHandshake.createSession(ProtocolHandshake.java:114)
at org.openqa.selenium.remote.ProtocolHandshake.createSession(ProtocolHandshake.java:95)
at org.openqa.selenium.remote.ProtocolHandshake.createSession(ProtocolHandshake.java:67)
at org.openqa.selenium.remote.HttpCommandExecutor.execute(HttpCommandExecutor.java:162)
at org.openqa.selenium.remote.service.DriverCommandExecutor.invokeExecute(DriverCommandExecutor.java:216)
at org.openqa.selenium.remote.service.DriverCommandExecutor.execute(DriverCommandExecutor.java:174)
at org.openqa.selenium.remote.RemoteWebDriver.execute(RemoteWebDriver.java:519)
... 43 more
Caused by: java.net.http.HttpTimeoutException: request timed out
at java.net.http/jdk.internal.net.http.ResponseTimerEvent.handle(ResponseTimerEvent.java:63)
at java.net.http/jdk.internal.net.http.HttpClientImpl.purgeTimeoutsAndReturnNextDeadline(HttpClientImpl.java:1788)
at java.net.http/jdk.internal.net.http.HttpClientImpl$SelectorManager.run(HttpClientImpl.java:1345)
]]>
            </full-stacktrace>
          </exception> <!-- org.openqa.selenium.SessionNotCreatedException -->
          <reporter-output>
          </reporter-output>
        </test-method> <!-- tc_Login_006_loginUsernameIsCaseInsensitive -->
        <test-method is-config="true" signature="tearDown()[pri:0, instance:com.orangehrm.tests.LoginTest@5a7005d]" started-at="2026-06-03T09:43:51 ICT" name="tearDown" finished-at="2026-06-03T09:43:51 ICT" duration-ms="12" status="PASS">
          <reporter-output>
          </reporter-output>
        </test-method> <!-- tearDown -->
        <test-method is-config="true" signature="setUp()[pri:0, instance:com.orangehrm.tests.LoginTest@5a7005d]" started-at="2026-06-03T09:43:51 ICT" name="setUp" finished-at="2026-06-03T09:43:53 ICT" duration-ms="1233" status="PASS">
          <reporter-output>
          </reporter-output>
        </test-method> <!-- setUp -->
        <test-method signature="tc_Login_007_logoutSuccessfully()[pri:0, instance:com.orangehrm.tests.LoginTest@5a7005d]" started-at="2026-06-03T09:43:53 ICT" name="tc_Login_007_logoutSuccessfully" description="TC_LOGIN_007: Đăng xuất thành công và quay về trang login" finished-at="2026-06-03T09:43:53 ICT" duration-ms="0" status="SKIP">
          <exception class="org.openqa.selenium.SessionNotCreatedException">
            <message>
              <![CDATA[Could not start a new session. Possible causes are invalid address of the remote server or browser start-up failure. 
Host info: host: 'THINKPAD', ip: '172.27.224.1']]>
            </message>
            <full-stacktrace>
              <![CDATA[org.openqa.selenium.SessionNotCreatedException: Could not start a new session. Possible causes are invalid address of the remote server or browser start-up failure. 
Host info: host: 'THINKPAD', ip: '172.27.224.1'
at org.openqa.selenium.remote.RemoteWebDriver.execute(RemoteWebDriver.java:537)
at org.openqa.selenium.remote.RemoteWebDriver.startSession(RemoteWebDriver.java:233)
at org.openqa.selenium.remote.RemoteWebDriver.<init>(RemoteWebDriver.java:162)
at org.openqa.selenium.chromium.ChromiumDriver.<init>(ChromiumDriver.java:114)
at org.openqa.selenium.chrome.ChromeDriver.<init>(ChromeDriver.java:89)
at org.openqa.selenium.chrome.ChromeDriver.<init>(ChromeDriver.java:84)
at org.openqa.selenium.chrome.ChromeDriver.<init>(ChromeDriver.java:73)
at com.orangehrm.utils.DriverManager.initChromeDriver(DriverManager.java:69)
at com.orangehrm.utils.DriverManager.initDriver(DriverManager.java:38)
at com.orangehrm.tests.BaseTest.setUp(BaseTest.java:25)
at java.base/jdk.internal.reflect.DirectMethodHandleAccessor.invoke(DirectMethodHandleAccessor.java:103)
at java.base/java.lang.reflect.Method.invoke(Method.java:580)
at org.testng.internal.invokers.MethodInvocationHelper.invokeMethod(MethodInvocationHelper.java:139)
at org.testng.internal.invokers.MethodInvocationHelper.invokeMethodConsideringTimeout(MethodInvocationHelper.java:69)
at org.testng.internal.invokers.ConfigInvoker.invokeConfigurationMethod(ConfigInvoker.java:393)
at org.testng.internal.invokers.ConfigInvoker.invokeConfigurations(ConfigInvoker.java:326)
at org.testng.internal.invokers.TestInvoker.runConfigMethods(TestInvoker.java:810)
at org.testng.internal.invokers.TestInvoker.invokeMethod(TestInvoker.java:578)
at org.testng.internal.invokers.TestInvoker.invokeTestMethod(TestInvoker.java:228)
at org.testng.internal.invokers.MethodRunner.runInSequence(MethodRunner.java:63)
at org.testng.internal.invokers.TestInvoker$MethodInvocationAgent.invoke(TestInvoker.java:961)
at org.testng.internal.invokers.TestInvoker.invokeTestMethods(TestInvoker.java:201)
at org.testng.internal.invokers.TestMethodWorker.invokeTestMethods(TestMethodWorker.java:148)
at org.testng.internal.invokers.TestMethodWorker.run(TestMethodWorker.java:128)
at java.base/java.util.ArrayList.forEach(ArrayList.java:1596)
at org.testng.TestRunner.privateRun(TestRunner.java:819)
at org.testng.TestRunner.run(TestRunner.java:619)
at org.testng.SuiteRunner.runTest(SuiteRunner.java:443)
at org.testng.SuiteRunner.runSequentially(SuiteRunner.java:437)
at org.testng.SuiteRunner.privateRun(SuiteRunner.java:397)
at org.testng.SuiteRunner.run(SuiteRunner.java:336)
at org.testng.SuiteRunnerWorker.runSuite(SuiteRunnerWorker.java:52)
at org.testng.SuiteRunnerWorker.run(SuiteRunnerWorker.java:95)
at org.testng.TestNG.runSuitesSequentially(TestNG.java:1301)
at org.testng.TestNG.runSuitesLocally(TestNG.java:1228)
at org.testng.TestNG.runSuites(TestNG.java:1134)
at org.testng.TestNG.run(TestNG.java:1101)
at org.apache.maven.surefire.testng.TestNGExecutor.run(TestNGExecutor.java:308)
at org.apache.maven.surefire.testng.TestNGXmlTestSuite.execute(TestNGXmlTestSuite.java:71)
at org.apache.maven.surefire.testng.TestNGProvider.invoke(TestNGProvider.java:113)
at org.apache.maven.surefire.booter.ForkedBooter.runSuitesInProcess(ForkedBooter.java:385)
at org.apache.maven.surefire.booter.ForkedBooter.execute(ForkedBooter.java:162)
at org.apache.maven.surefire.booter.ForkedBooter.run(ForkedBooter.java:507)
at org.apache.maven.surefire.booter.ForkedBooter.main(ForkedBooter.java:495)
Caused by: org.openqa.selenium.TimeoutException: java.net.http.HttpTimeoutException: request timed out
Build info: version: '4.18.1', revision: 'b1d3319b48'
System info: os.name: 'Windows 11', os.arch: 'amd64', os.version: '10.0', java.version: '21.0.11'
Driver info: driver.version: ChromeDriver
at org.openqa.selenium.remote.http.jdk.JdkHttpClient.execute0(JdkHttpClient.java:393)
at org.openqa.selenium.remote.http.AddSeleniumUserAgent.lambda$apply$0(AddSeleniumUserAgent.java:42)
at org.openqa.selenium.remote.http.Filter.lambda$andFinally$1(Filter.java:55)
at org.openqa.selenium.remote.http.jdk.JdkHttpClient.execute(JdkHttpClient.java:359)
at org.openqa.selenium.remote.ProtocolHandshake.createSession(ProtocolHandshake.java:114)
at org.openqa.selenium.remote.ProtocolHandshake.createSession(ProtocolHandshake.java:95)
at org.openqa.selenium.remote.ProtocolHandshake.createSession(ProtocolHandshake.java:67)
at org.openqa.selenium.remote.HttpCommandExecutor.execute(HttpCommandExecutor.java:162)
at org.openqa.selenium.remote.service.DriverCommandExecutor.invokeExecute(DriverCommandExecutor.java:216)
at org.openqa.selenium.remote.service.DriverCommandExecutor.execute(DriverCommandExecutor.java:174)
at org.openqa.selenium.remote.RemoteWebDriver.execute(RemoteWebDriver.java:519)
... 43 more
Caused by: java.net.http.HttpTimeoutException: request timed out
at java.net.http/jdk.internal.net.http.ResponseTimerEvent.handle(ResponseTimerEvent.java:63)
at java.net.http/jdk.internal.net.http.HttpClientImpl.purgeTimeoutsAndReturnNextDeadline(HttpClientImpl.java:1788)
at java.net.http/jdk.internal.net.http.HttpClientImpl$SelectorManager.run(HttpClientImpl.java:1345)
]]>
            </full-stacktrace>
          </exception> <!-- org.openqa.selenium.SessionNotCreatedException -->
          <reporter-output>
          </reporter-output>
        </test-method> <!-- tc_Login_007_logoutSuccessfully -->
        <test-method is-config="true" signature="tearDown()[pri:0, instance:com.orangehrm.tests.LoginTest@5a7005d]" started-at="2026-06-03T09:43:53 ICT" name="tearDown" finished-at="2026-06-03T09:43:53 ICT" duration-ms="231" status="PASS">
          <reporter-output>
          </reporter-output>
        </test-method> <!-- tearDown -->
        <test-method is-config="true" signature="setUp()[pri:0, instance:com.orangehrm.tests.LoginTest@5a7005d]" started-at="2026-06-03T09:43:53 ICT" name="setUp" finished-at="2026-06-03T09:43:54 ICT" duration-ms="870" status="PASS">
          <reporter-output>
          </reporter-output>
        </test-method> <!-- setUp -->
        <test-method signature="tc_Login_008_accessDashboardWithoutLogin()[pri:0, instance:com.orangehrm.tests.LoginTest@5a7005d]" started-at="2026-06-03T09:43:54 ICT" name="tc_Login_008_accessDashboardWithoutLogin" description="TC_LOGIN_008: Không thể truy cập Dashboard trực tiếp khi chưa đăng nhập" finished-at="2026-06-03T09:43:54 ICT" duration-ms="1" status="SKIP">
          <exception class="org.openqa.selenium.SessionNotCreatedException">
            <message>
              <![CDATA[Could not start a new session. Possible causes are invalid address of the remote server or browser start-up failure. 
Host info: host: 'THINKPAD', ip: '172.27.224.1']]>
            </message>
            <full-stacktrace>
              <![CDATA[org.openqa.selenium.SessionNotCreatedException: Could not start a new session. Possible causes are invalid address of the remote server or browser start-up failure. 
Host info: host: 'THINKPAD', ip: '172.27.224.1'
at org.openqa.selenium.remote.RemoteWebDriver.execute(RemoteWebDriver.java:537)
at org.openqa.selenium.remote.RemoteWebDriver.startSession(RemoteWebDriver.java:233)
at org.openqa.selenium.remote.RemoteWebDriver.<init>(RemoteWebDriver.java:162)
at org.openqa.selenium.chromium.ChromiumDriver.<init>(ChromiumDriver.java:114)
at org.openqa.selenium.chrome.ChromeDriver.<init>(ChromeDriver.java:89)
at org.openqa.selenium.chrome.ChromeDriver.<init>(ChromeDriver.java:84)
at org.openqa.selenium.chrome.ChromeDriver.<init>(ChromeDriver.java:73)
at com.orangehrm.utils.DriverManager.initChromeDriver(DriverManager.java:69)
at com.orangehrm.utils.DriverManager.initDriver(DriverManager.java:38)
at com.orangehrm.tests.BaseTest.setUp(BaseTest.java:25)
at java.base/jdk.internal.reflect.DirectMethodHandleAccessor.invoke(DirectMethodHandleAccessor.java:103)
at java.base/java.lang.reflect.Method.invoke(Method.java:580)
at org.testng.internal.invokers.MethodInvocationHelper.invokeMethod(MethodInvocationHelper.java:139)
at org.testng.internal.invokers.MethodInvocationHelper.invokeMethodConsideringTimeout(MethodInvocationHelper.java:69)
at org.testng.internal.invokers.ConfigInvoker.invokeConfigurationMethod(ConfigInvoker.java:393)
at org.testng.internal.invokers.ConfigInvoker.invokeConfigurations(ConfigInvoker.java:326)
at org.testng.internal.invokers.TestInvoker.runConfigMethods(TestInvoker.java:810)
at org.testng.internal.invokers.TestInvoker.invokeMethod(TestInvoker.java:578)
at org.testng.internal.invokers.TestInvoker.invokeTestMethod(TestInvoker.java:228)
at org.testng.internal.invokers.MethodRunner.runInSequence(MethodRunner.java:63)
at org.testng.internal.invokers.TestInvoker$MethodInvocationAgent.invoke(TestInvoker.java:961)
at org.testng.internal.invokers.TestInvoker.invokeTestMethods(TestInvoker.java:201)
at org.testng.internal.invokers.TestMethodWorker.invokeTestMethods(TestMethodWorker.java:148)
at org.testng.internal.invokers.TestMethodWorker.run(TestMethodWorker.java:128)
at java.base/java.util.ArrayList.forEach(ArrayList.java:1596)
at org.testng.TestRunner.privateRun(TestRunner.java:819)
at org.testng.TestRunner.run(TestRunner.java:619)
at org.testng.SuiteRunner.runTest(SuiteRunner.java:443)
at org.testng.SuiteRunner.runSequentially(SuiteRunner.java:437)
at org.testng.SuiteRunner.privateRun(SuiteRunner.java:397)
at org.testng.SuiteRunner.run(SuiteRunner.java:336)
at org.testng.SuiteRunnerWorker.runSuite(SuiteRunnerWorker.java:52)
at org.testng.SuiteRunnerWorker.run(SuiteRunnerWorker.java:95)
at org.testng.TestNG.runSuitesSequentially(TestNG.java:1301)
at org.testng.TestNG.runSuitesLocally(TestNG.java:1228)
at org.testng.TestNG.runSuites(TestNG.java:1134)
at org.testng.TestNG.run(TestNG.java:1101)
at org.apache.maven.surefire.testng.TestNGExecutor.run(TestNGExecutor.java:308)
at org.apache.maven.surefire.testng.TestNGXmlTestSuite.execute(TestNGXmlTestSuite.java:71)
at org.apache.maven.surefire.testng.TestNGProvider.invoke(TestNGProvider.java:113)
at org.apache.maven.surefire.booter.ForkedBooter.runSuitesInProcess(ForkedBooter.java:385)
at org.apache.maven.surefire.booter.ForkedBooter.execute(ForkedBooter.java:162)
at org.apache.maven.surefire.booter.ForkedBooter.run(ForkedBooter.java:507)
at org.apache.maven.surefire.booter.ForkedBooter.main(ForkedBooter.java:495)
Caused by: org.openqa.selenium.TimeoutException: java.net.http.HttpTimeoutException: request timed out
Build info: version: '4.18.1', revision: 'b1d3319b48'
System info: os.name: 'Windows 11', os.arch: 'amd64', os.version: '10.0', java.version: '21.0.11'
Driver info: driver.version: ChromeDriver
at org.openqa.selenium.remote.http.jdk.JdkHttpClient.execute0(JdkHttpClient.java:393)
at org.openqa.selenium.remote.http.AddSeleniumUserAgent.lambda$apply$0(AddSeleniumUserAgent.java:42)
at org.openqa.selenium.remote.http.Filter.lambda$andFinally$1(Filter.java:55)
at org.openqa.selenium.remote.http.jdk.JdkHttpClient.execute(JdkHttpClient.java:359)
at org.openqa.selenium.remote.ProtocolHandshake.createSession(ProtocolHandshake.java:114)
at org.openqa.selenium.remote.ProtocolHandshake.createSession(ProtocolHandshake.java:95)
at org.openqa.selenium.remote.ProtocolHandshake.createSession(ProtocolHandshake.java:67)
at org.openqa.selenium.remote.HttpCommandExecutor.execute(HttpCommandExecutor.java:162)
at org.openqa.selenium.remote.service.DriverCommandExecutor.invokeExecute(DriverCommandExecutor.java:216)
at org.openqa.selenium.remote.service.DriverCommandExecutor.execute(DriverCommandExecutor.java:174)
at org.openqa.selenium.remote.RemoteWebDriver.execute(RemoteWebDriver.java:519)
... 43 more
Caused by: java.net.http.HttpTimeoutException: request timed out
at java.net.http/jdk.internal.net.http.ResponseTimerEvent.handle(ResponseTimerEvent.java:63)
at java.net.http/jdk.internal.net.http.HttpClientImpl.purgeTimeoutsAndReturnNextDeadline(HttpClientImpl.java:1788)
at java.net.http/jdk.internal.net.http.HttpClientImpl$SelectorManager.run(HttpClientImpl.java:1345)
]]>
            </full-stacktrace>
          </exception> <!-- org.openqa.selenium.SessionNotCreatedException -->
          <reporter-output>
          </reporter-output>
        </test-method> <!-- tc_Login_008_accessDashboardWithoutLogin -->
        <test-method is-config="true" signature="tearDown()[pri:0, instance:com.orangehrm.tests.LoginTest@5a7005d]" started-at="2026-06-03T09:43:54 ICT" name="tearDown" finished-at="2026-06-03T09:43:54 ICT" duration-ms="134" status="PASS">
          <reporter-output>
          </reporter-output>
        </test-method> <!-- tearDown -->
      </class> <!-- com.orangehrm.tests.LoginTest -->
    </test> <!-- Regression Tests - Kiểm thử hồi quy -->
  </suite> <!-- OrangeHRM Automation Suite -->
</testng-results>
